Flow report for pipemult_lc
Mon May 09 11:26:45 2011
Quartus II 64-Bit Version 11.0 Build 157 04/27/2011 SJ Full Version


---------------------
; Table of Contents ;
---------------------
  1. Legal Notice
  2. Flow Summary
  3. Flow Settings
  4. Flow Non-Default Global Settings
  5. Flow Elapsed Time
  6. Flow OS Summary
  7. Flow Log



----------------
; Legal Notice ;
----------------
Copyright (C) 1991-2011 Altera Corporation
Your use of Altera Corporation's design tools, logic functions 
and other software and tools, and its AMPP partner logic 
functions, and any output files from any of the foregoing 
(including device programming or simulation files), and any 
associated documentation or information are expressly subject 
to the terms and conditions of the Altera Program License 
Subscription Agreement, Altera MegaCore Function License 
Agreement, or other applicable license agreement, including, 
without limitation, that your use is for the sole purpose of 
programming logic devices manufactured by Altera and sold by 
Altera or its authorized distributors.  Please refer to the 
applicable agreement for further details.



+--------------------------------------------------------------------------------+
; Flow Summary                                                                   ;
+------------------------------------+-------------------------------------------+
; Flow Status                        ; Successful - Mon May 09 11:26:45 2011     ;
; Quartus II 64-Bit Version          ; 11.0 Build 157 04/27/2011 SJ Full Version ;
; Revision Name                      ; pipemult_lc                               ;
; Top-level Entity Name              ; pipemult                                  ;
; Family                             ; Cyclone IV E                              ;
; Device                             ; EP4CE6F17C6                               ;
; Timing Models                      ; Final                                     ;
; Total logic elements               ; 133                                       ;
;     Total combinational functions  ; 101 / 6,272 ( 2 % )                       ;
;     Dedicated logic registers      ; 48 / 6,272 ( 1 % )                        ;
; Total registers                    ; 48                                        ;
; Total pins                         ; 44 / 180 ( 24 % )                         ;
; Total virtual pins                 ; 0                                         ;
; Total memory bits                  ; 512 / 276,480 ( < 1 % )                   ;
; Embedded Multiplier 9-bit elements ; 0 / 30 ( 0 % )                            ;
; Total PLLs                         ; 0 / 2 ( 0 % )                             ;
+------------------------------------+-------------------------------------------+


+-----------------------------------------+
; Flow Settings                           ;
+-------------------+---------------------+
; Option            ; Setting             ;
+-------------------+---------------------+
; Start date & time ; 05/09/2011 11:20:07 ;
; Main task         ; Compilation         ;
; Revision Name     ; pipemult_lc         ;
+-------------------+---------------------+


+------------------------------------------------------------------------------------------------------------------+
; Flow Non-Default Global Settings                                                                                 ;
+-------------------------------------+---------------------------------+---------------+-------------+------------+
; Assignment Name                     ; Value                           ; Default Value ; Entity Name ; Section Id ;
+-------------------------------------+---------------------------------+---------------+-------------+------------+
; COMPILER_SIGNATURE_ID               ; 124191483567687.130496520602520 ; --            ; --          ; --         ;
; IP_TOOL_NAME                        ; LPM_MULT                        ; --            ; --          ; --         ;
; IP_TOOL_NAME                        ; RAM: 2-PORT                     ; --            ; --          ; --         ;
; IP_TOOL_VERSION                     ; 11.0                            ; --            ; --          ; --         ;
; IP_TOOL_VERSION                     ; 11.0                            ; --            ; --          ; --         ;
; MAX_CORE_JUNCTION_TEMP              ; 85                              ; --            ; --          ; --         ;
; MIN_CORE_JUNCTION_TEMP              ; 0                               ; --            ; --          ; --         ;
; MISC_FILE                           ; mult_inst.vhd                   ; --            ; --          ; --         ;
; MISC_FILE                           ; mult.cmp                        ; --            ; --          ; --         ;
; MISC_FILE                           ; ram_inst.vhd                    ; --            ; --          ; --         ;
; MISC_FILE                           ; ram.cmp                         ; --            ; --          ; --         ;
; NOMINAL_CORE_SUPPLY_VOLTAGE         ; 1.2V                            ; --            ; --          ; --         ;
; PARTITION_COLOR                     ; 16764057                        ; --            ; pipemult    ; Top        ;
; PARTITION_FITTER_PRESERVATION_LEVEL ; PLACEMENT_AND_ROUTING           ; --            ; pipemult    ; Top        ;
; PARTITION_NETLIST_TYPE              ; SOURCE                          ; --            ; pipemult    ; Top        ;
; TOP_LEVEL_ENTITY                    ; pipemult                        ; pipemult_lc   ; --          ; --         ;
+-------------------------------------+---------------------------------+---------------+-------------+------------+


+-----------------------------------------------------------------------------------------------------------------------------+
; Flow Elapsed Time                                                                                                           ;
+-------------------------+--------------+-------------------------+---------------------+------------------------------------+
; Module Name             ; Elapsed Time ; Average Processors Used ; Peak Virtual Memory ; Total CPU Time (on all processors) ;
+-------------------------+--------------+-------------------------+---------------------+------------------------------------+
; Analysis & Synthesis    ; 00:00:04     ; 1.0                     ; 382 MB              ; 00:00:04                           ;
; I/O Assignment Analysis ; 00:00:02     ; 1.0                     ; 372 MB              ; 00:00:02                           ;
; I/O Assignment Analysis ; 00:00:02     ; 1.0                     ; 375 MB              ; 00:00:02                           ;
; Total                   ; 00:00:08     ; --                      ; --                  ; 00:00:08                           ;
+-------------------------+--------------+-------------------------+---------------------+------------------------------------+


+--------------------------------------------------------------------------------------+
; Flow OS Summary                                                                      ;
+-------------------------+------------------+-----------+------------+----------------+
; Module Name             ; Machine Hostname ; OS Name   ; OS Version ; Processor type ;
+-------------------------+------------------+-----------+------------+----------------+
; Analysis & Synthesis    ; SJ-MPRICE-510    ; Windows 7 ; 6.1        ; x86_64         ;
; I/O Assignment Analysis ; SJ-MPRICE-510    ; Windows 7 ; 6.1        ; x86_64         ;
; I/O Assignment Analysis ; SJ-MPRICE-510    ; Windows 7 ; 6.1        ; x86_64         ;
+-------------------------+------------------+-----------+------------+----------------+


------------
; Flow Log ;
------------
quartus_map --read_settings_files=on --write_settings_files=off pipemult -c pipemult_lc
quartus_fit --read_settings_files=on --write_settings_files=off pipemult -c pipemult_lc --check_ios
quartus_fit --read_settings_files=on --write_settings_files=off pipemult -c pipemult_lc --check_ios



