Analysis & Synthesis report for pipemult
Mon May 09 12:45:54 2011
Quartus II 64-Bit Version 11.0 Build 157 04/27/2011 SJ Full Version


---------------------
; Table of Contents ;
---------------------
  1. Legal Notice
  2. Analysis & Synthesis Summary
  3. Analysis & Synthesis Settings
  4. Parallel Compilation
  5. Analysis & Synthesis Source Files Read
  6. Analysis & Synthesis Resource Usage Summary
  7. Analysis & Synthesis Resource Utilization by Entity
  8. Analysis & Synthesis RAM Summary
  9. Analysis & Synthesis DSP Block Usage Summary
 10. Analysis & Synthesis IP Cores Summary
 11. General Register Statistics
 12. Source assignments for ram:ram_inst|altsyncram:altsyncram_component|altsyncram_2up1:auto_generated
 13. Parameter Settings for User Entity Instance: ram:ram_inst|altsyncram:altsyncram_component
 14. Parameter Settings for User Entity Instance: mult:mult_inst|lpm_mult:lpm_mult_component
 15. altsyncram Parameter Settings by Entity Instance
 16. lpm_mult Parameter Settings by Entity Instance
 17. Elapsed Time Per Partition
 18. Analysis & Synthesis Messages



----------------
; Legal Notice ;
----------------
Copyright (C) 1991-2011 Altera Corporation
Your use of Altera Corporation's design tools, logic functions 
and other software and tools, and its AMPP partner logic 
functions, and any output files from any of the foregoing 
(including device programming or simulation files), and any 
associated documentation or information are expressly subject 
to the terms and conditions of the Altera Program License 
Subscription Agreement, Altera MegaCore Function License 
Agreement, or other applicable license agreement, including, 
without limitation, that your use is for the sole purpose of 
programming logic devices manufactured by Altera and sold by 
Altera or its authorized distributors.  Please refer to the 
applicable agreement for further details.



+--------------------------------------------------------------------------------+
; Analysis & Synthesis Summary                                                   ;
+------------------------------------+-------------------------------------------+
; Analysis & Synthesis Status        ; Successful - Mon May 09 12:45:54 2011     ;
; Quartus II 64-Bit Version          ; 11.0 Build 157 04/27/2011 SJ Full Version ;
; Revision Name                      ; pipemult                                  ;
; Top-level Entity Name              ; pipemult                                  ;
; Family                             ; Cyclone IV E                              ;
; Total logic elements               ; 16                                        ;
;     Total combinational functions  ; 0                                         ;
;     Dedicated logic registers      ; 16                                        ;
; Total registers                    ; 16                                        ;
; Total pins                         ; 44                                        ;
; Total virtual pins                 ; 0                                         ;
; Total memory bits                  ; 512                                       ;
; Embedded Multiplier 9-bit elements ; 1                                         ;
; Total PLLs                         ; 0                                         ;
+------------------------------------+-------------------------------------------+


+----------------------------------------------------------------------------------------------------------------------+
; Analysis & Synthesis Settings                                                                                        ;
+----------------------------------------------------------------------------+--------------------+--------------------+
; Option                                                                     ; Setting            ; Default Value      ;
+----------------------------------------------------------------------------+--------------------+--------------------+
; Device                                                                     ; EP4CE6F17C6        ;                    ;
; Top-level entity name                                                      ; pipemult           ; pipemult           ;
; Family name                                                                ; Cyclone IV E       ; Cyclone IV GX      ;
; Use smart compilation                                                      ; Off                ; Off                ;
; Enable parallel Assembler and TimeQuest Timing Analyzer during compilation ; On                 ; On                 ;
; Enable compact report table                                                ; Off                ; Off                ;
; Restructure Multiplexers                                                   ; Auto               ; Auto               ;
; Create Debugging Nodes for IP Cores                                        ; Off                ; Off                ;
; Preserve fewer node names                                                  ; On                 ; On                 ;
; Disable OpenCore Plus hardware evaluation                                  ; Off                ; Off                ;
; Verilog Version                                                            ; Verilog_2001       ; Verilog_2001       ;
; VHDL Version                                                               ; VHDL_1993          ; VHDL_1993          ;
; State Machine Processing                                                   ; Auto               ; Auto               ;
; Safe State Machine                                                         ; Off                ; Off                ;
; Extract Verilog State Machines                                             ; On                 ; On                 ;
; Extract VHDL State Machines                                                ; On                 ; On                 ;
; Ignore Verilog initial constructs                                          ; Off                ; Off                ;
; Iteration limit for constant Verilog loops                                 ; 5000               ; 5000               ;
; Iteration limit for non-constant Verilog loops                             ; 250                ; 250                ;
; Add Pass-Through Logic to Inferred RAMs                                    ; On                 ; On                 ;
; Parallel Synthesis                                                         ; On                 ; On                 ;
; DSP Block Balancing                                                        ; Auto               ; Auto               ;
; NOT Gate Push-Back                                                         ; On                 ; On                 ;
; Power-Up Don't Care                                                        ; On                 ; On                 ;
; Remove Redundant Logic Cells                                               ; Off                ; Off                ;
; Remove Duplicate Registers                                                 ; On                 ; On                 ;
; Ignore CARRY Buffers                                                       ; Off                ; Off                ;
; Ignore CASCADE Buffers                                                     ; Off                ; Off                ;
; Ignore GLOBAL Buffers                                                      ; Off                ; Off                ;
; Ignore ROW GLOBAL Buffers                                                  ; Off                ; Off                ;
; Ignore LCELL Buffers                                                       ; Off                ; Off                ;
; Ignore SOFT Buffers                                                        ; On                 ; On                 ;
; Limit AHDL Integers to 32 Bits                                             ; Off                ; Off                ;
; Optimization Technique                                                     ; Balanced           ; Balanced           ;
; Carry Chain Length                                                         ; 70                 ; 70                 ;
; Auto Carry Chains                                                          ; On                 ; On                 ;
; Auto Open-Drain Pins                                                       ; On                 ; On                 ;
; Perform WYSIWYG Primitive Resynthesis                                      ; Off                ; Off                ;
; Auto ROM Replacement                                                       ; On                 ; On                 ;
; Auto RAM Replacement                                                       ; On                 ; On                 ;
; Auto DSP Block Replacement                                                 ; On                 ; On                 ;
; Auto Shift Register Replacement                                            ; Auto               ; Auto               ;
; Allow Shift Register Merging across Hierarchies                            ; Auto               ; Auto               ;
; Auto Clock Enable Replacement                                              ; On                 ; On                 ;
; Strict RAM Replacement                                                     ; Off                ; Off                ;
; Allow Synchronous Control Signals                                          ; On                 ; On                 ;
; Force Use of Synchronous Clear Signals                                     ; Off                ; Off                ;
; Auto RAM Block Balancing                                                   ; On                 ; On                 ;
; Auto RAM to Logic Cell Conversion                                          ; Off                ; Off                ;
; Auto Resource Sharing                                                      ; Off                ; Off                ;
; Allow Any RAM Size For Recognition                                         ; Off                ; Off                ;
; Allow Any ROM Size For Recognition                                         ; Off                ; Off                ;
; Allow Any Shift Register Size For Recognition                              ; Off                ; Off                ;
; Use LogicLock Constraints during Resource Balancing                        ; On                 ; On                 ;
; Ignore translate_off and synthesis_off directives                          ; Off                ; Off                ;
; Timing-Driven Synthesis                                                    ; On                 ; On                 ;
; Report Parameter Settings                                                  ; On                 ; On                 ;
; Report Source Assignments                                                  ; On                 ; On                 ;
; Report Connectivity Checks                                                 ; On                 ; On                 ;
; Ignore Maximum Fan-Out Assignments                                         ; Off                ; Off                ;
; Synchronization Register Chain Length                                      ; 2                  ; 2                  ;
; PowerPlay Power Optimization                                               ; Normal compilation ; Normal compilation ;
; HDL message level                                                          ; Level2             ; Level2             ;
; Suppress Register Optimization Related Messages                            ; Off                ; Off                ;
; Number of Removed Registers Reported in Synthesis Report                   ; 5000               ; 5000               ;
; Number of Inverted Registers Reported in Synthesis Report                  ; 100                ; 100                ;
; Clock MUX Protection                                                       ; On                 ; On                 ;
; Auto Gated Clock Conversion                                                ; Off                ; Off                ;
; Block Design Naming                                                        ; Auto               ; Auto               ;
; SDC constraint protection                                                  ; Off                ; Off                ;
; Synthesis Effort                                                           ; Auto               ; Auto               ;
; Shift Register Replacement - Allow Asynchronous Clear Signal               ; On                 ; On                 ;
; Analysis & Synthesis Message Level                                         ; Medium             ; Medium             ;
; Disable Register Merging Across Hierarchies                                ; Auto               ; Auto               ;
; Resource Aware Inference For Block RAM                                     ; On                 ; On                 ;
; Synthesis Seed                                                             ; 1                  ; 1                  ;
+----------------------------------------------------------------------------+--------------------+--------------------+


+------------------------------------------+
; Parallel Compilation                     ;
+----------------------------+-------------+
; Processors                 ; Number      ;
+----------------------------+-------------+
; Number detected on machine ; 2           ;
; Maximum allowed            ; 2           ;
;                            ;             ;
; Average used               ; 1.00        ;
; Maximum used               ; 1           ;
;                            ;             ;
; Usage by Processor         ; % Time Used ;
;     1 processor            ; 100.0%      ;
;     2 processors           ;   0.0%      ;
+----------------------------+-------------+


+-------------------------------------------------------------------------------------------------------------------------------------------------------------------------------------------------------+
; Analysis & Synthesis Source Files Read                                                                                                                                                                ;
+----------------------------------+-----------------+---------------------------------------+----------------------------------------------------------------------------------------------------------+
; File Name with User-Entered Path ; Used in Netlist ; File Type                             ; File Name with Absolute Path                                                                             ;
+----------------------------------+-----------------+---------------------------------------+----------------------------------------------------------------------------------------------------------+
; pipemult.bdf                     ; yes             ; User Block Diagram/Schematic File     ; C:/altera_trn/Quartus_II_Software_Design_Series_Foundation/QIIF11_0/Ex1/Schematic/pipemult.bdf           ;
; mult.v                           ; yes             ; User Wizard-Generated File            ; C:/altera_trn/Quartus_II_Software_Design_Series_Foundation/QIIF11_0/Ex1/Schematic/mult.v                 ;
; ram.v                            ; yes             ; User Wizard-Generated File            ; C:/altera_trn/Quartus_II_Software_Design_Series_Foundation/QIIF11_0/Ex1/Schematic/ram.v                  ;
; ram.hex                          ; yes             ; User Hexadecimal (Intel-Format) File  ; C:/altera_trn/Quartus_II_Software_Design_Series_Foundation/QIIF11_0/Ex1/Schematic/ram.hex                ;
; altsyncram.tdf                   ; yes             ; Megafunction                          ; c:/altera/11.0/quartus/libraries/megafunctions/altsyncram.tdf                                            ;
; stratix_ram_block.inc            ; yes             ; Megafunction                          ; c:/altera/11.0/quartus/libraries/megafunctions/stratix_ram_block.inc                                     ;
; lpm_mux.inc                      ; yes             ; Megafunction                          ; c:/altera/11.0/quartus/libraries/megafunctions/lpm_mux.inc                                               ;
; lpm_decode.inc                   ; yes             ; Megafunction                          ; c:/altera/11.0/quartus/libraries/megafunctions/lpm_decode.inc                                            ;
; aglobal110.inc                   ; yes             ; Megafunction                          ; c:/altera/11.0/quartus/libraries/megafunctions/aglobal110.inc                                            ;
; a_rdenreg.inc                    ; yes             ; Megafunction                          ; c:/altera/11.0/quartus/libraries/megafunctions/a_rdenreg.inc                                             ;
; altrom.inc                       ; yes             ; Megafunction                          ; c:/altera/11.0/quartus/libraries/megafunctions/altrom.inc                                                ;
; altram.inc                       ; yes             ; Megafunction                          ; c:/altera/11.0/quartus/libraries/megafunctions/altram.inc                                                ;
; altdpram.inc                     ; yes             ; Megafunction                          ; c:/altera/11.0/quartus/libraries/megafunctions/altdpram.inc                                              ;
; db/altsyncram_2up1.tdf           ; yes             ; Auto-Generated Megafunction           ; C:/altera_trn/Quartus_II_Software_Design_Series_Foundation/QIIF11_0/Ex1/Schematic/db/altsyncram_2up1.tdf ;
; lpm_mult.tdf                     ; yes             ; Megafunction                          ; c:/altera/11.0/quartus/libraries/megafunctions/lpm_mult.tdf                                              ;
; lpm_add_sub.inc                  ; yes             ; Megafunction                          ; c:/altera/11.0/quartus/libraries/megafunctions/lpm_add_sub.inc                                           ;
; multcore.inc                     ; yes             ; Megafunction                          ; c:/altera/11.0/quartus/libraries/megafunctions/multcore.inc                                              ;
; bypassff.inc                     ; yes             ; Megafunction                          ; c:/altera/11.0/quartus/libraries/megafunctions/bypassff.inc                                              ;
; altshift.inc                     ; yes             ; Megafunction                          ; c:/altera/11.0/quartus/libraries/megafunctions/altshift.inc                                              ;
; db/mult_lap.tdf                  ; yes             ; Auto-Generated Megafunction           ; C:/altera_trn/Quartus_II_Software_Design_Series_Foundation/QIIF11_0/Ex1/Schematic/db/mult_lap.tdf        ;
+----------------------------------+-----------------+---------------------------------------+----------------------------------------------------------------------------------------------------------+


+----------------------------------------------------------+
; Analysis & Synthesis Resource Usage Summary              ;
+---------------------------------------------+------------+
; Resource                                    ; Usage      ;
+---------------------------------------------+------------+
; Estimated Total logic elements              ; 16         ;
;                                             ;            ;
; Total combinational functions               ; 0          ;
; Logic element usage by number of LUT inputs ;            ;
;     -- 4 input functions                    ; 0          ;
;     -- 3 input functions                    ; 0          ;
;     -- <=2 input functions                  ; 0          ;
;                                             ;            ;
; Logic elements by mode                      ;            ;
;     -- normal mode                          ; 0          ;
;     -- arithmetic mode                      ; 0          ;
;                                             ;            ;
; Total registers                             ; 16         ;
;     -- Dedicated logic registers            ; 16         ;
;     -- I/O registers                        ; 0          ;
;                                             ;            ;
; I/O pins                                    ; 44         ;
; Total memory bits                           ; 512        ;
; Embedded Multiplier 9-bit elements          ; 1          ;
; Maximum fan-out node                        ; clk1~input ;
; Maximum fan-out                             ; 34         ;
; Total fan-out                               ; 319        ;
; Average fan-out                             ; 2.61       ;
+---------------------------------------------+------------+


+--------------------------------------------------------------------------------------------------------------------------------------------------------------------------------------------------------------------------------------------------------------+
; Analysis & Synthesis Resource Utilization by Entity                                                                                                                                                                                                          ;
+-------------------------------------------+-------------------+--------------+-------------+--------------+---------+-----------+------+--------------+---------------------------------------------------------------------------------------+--------------+
; Compilation Hierarchy Node                ; LC Combinationals ; LC Registers ; Memory Bits ; DSP Elements ; DSP 9x9 ; DSP 18x18 ; Pins ; Virtual Pins ; Full Hierarchy Name                                                                   ; Library Name ;
+-------------------------------------------+-------------------+--------------+-------------+--------------+---------+-----------+------+--------------+---------------------------------------------------------------------------------------+--------------+
; |pipemult                                 ; 0 (0)             ; 16 (16)      ; 512         ; 1            ; 1       ; 0         ; 44   ; 0            ; |pipemult                                                                             ;              ;
;    |mult:mult_inst|                       ; 0 (0)             ; 0 (0)        ; 0           ; 1            ; 1       ; 0         ; 0    ; 0            ; |pipemult|mult:mult_inst                                                              ;              ;
;       |lpm_mult:lpm_mult_component|       ; 0 (0)             ; 0 (0)        ; 0           ; 1            ; 1       ; 0         ; 0    ; 0            ; |pipemult|mult:mult_inst|lpm_mult:lpm_mult_component                                  ;              ;
;          |mult_lap:auto_generated|        ; 0 (0)             ; 0 (0)        ; 0           ; 1            ; 1       ; 0         ; 0    ; 0            ; |pipemult|mult:mult_inst|lpm_mult:lpm_mult_component|mult_lap:auto_generated          ;              ;
;    |ram:ram_inst|                         ; 0 (0)             ; 0 (0)        ; 512         ; 0            ; 0       ; 0         ; 0    ; 0            ; |pipemult|ram:ram_inst                                                                ;              ;
;       |altsyncram:altsyncram_component|   ; 0 (0)             ; 0 (0)        ; 512         ; 0            ; 0       ; 0         ; 0    ; 0            ; |pipemult|ram:ram_inst|altsyncram:altsyncram_component                                ;              ;
;          |altsyncram_2up1:auto_generated| ; 0 (0)             ; 0 (0)        ; 512         ; 0            ; 0       ; 0         ; 0    ; 0            ; |pipemult|ram:ram_inst|altsyncram:altsyncram_component|altsyncram_2up1:auto_generated ;              ;
+-------------------------------------------+-------------------+--------------+-------------+--------------+---------+-----------+------+--------------+---------------------------------------------------------------------------------------+--------------+
Note: For table entries with two numbers listed, the numbers in parentheses indicate the number of resources of the given type used by the specific entity alone. The numbers listed outside of parentheses indicate the total resources of the given type used by the specific entity and all of its sub-entities in the hierarchy.


+-----------------------------------------------------------------------------------------------------------------------------------------------------------------------------------------------+
; Analysis & Synthesis RAM Summary                                                                                                                                                              ;
+----------------------------------------------------------------------------------------+------+------------------+--------------+--------------+--------------+--------------+------+---------+
; Name                                                                                   ; Type ; Mode             ; Port A Depth ; Port A Width ; Port B Depth ; Port B Width ; Size ; MIF     ;
+----------------------------------------------------------------------------------------+------+------------------+--------------+--------------+--------------+--------------+------+---------+
; ram:ram_inst|altsyncram:altsyncram_component|altsyncram_2up1:auto_generated|ALTSYNCRAM ; AUTO ; Simple Dual Port ; 32           ; 16           ; 32           ; 16           ; 512  ; ram.hex ;
+----------------------------------------------------------------------------------------+------+------------------+--------------+--------------+--------------+--------------+------+---------+


+-----------------------------------------------------+
; Analysis & Synthesis DSP Block Usage Summary        ;
+---------------------------------------+-------------+
; Statistic                             ; Number Used ;
+---------------------------------------+-------------+
; Simple Multipliers (9-bit)            ; 1           ;
; Simple Multipliers (18-bit)           ; 0           ;
; Embedded Multiplier Blocks            ; --          ;
; Embedded Multiplier 9-bit elements    ; 1           ;
; Signed Embedded Multipliers           ; 0           ;
; Unsigned Embedded Multipliers         ; 1           ;
; Mixed Sign Embedded Multipliers       ; 0           ;
; Variable Sign Embedded Multipliers    ; 0           ;
; Dedicated Input Shift Register Chains ; 0           ;
+---------------------------------------+-------------+
Note: number of Embedded Multiplier Blocks used is only available after a successful fit.


+-------------------------------------------------------------------------------------------------------------------------------------------------------------------------------------+
; Analysis & Synthesis IP Cores Summary                                                                                                                                               ;
+--------+--------------+---------+--------------+--------------+--------------------------+------------------------------------------------------------------------------------------+
; Vendor ; IP Core Name ; Version ; Release Date ; License Type ; Entity Instance          ; IP Include File                                                                          ;
+--------+--------------+---------+--------------+--------------+--------------------------+------------------------------------------------------------------------------------------+
; Altera ; LPM_MULT     ; 11.0    ; N/A          ; N/A          ; |pipemult|mult:mult_inst ; C:/altera_trn/Quartus_II_Software_Design_Series_Foundation/QIIF11_0/Ex1/Schematic/mult.v ;
; Altera ; RAM: 2-PORT  ; 11.0    ; N/A          ; N/A          ; |pipemult|ram:ram_inst   ; C:/altera_trn/Quartus_II_Software_Design_Series_Foundation/QIIF11_0/Ex1/Schematic/ram.v  ;
+--------+--------------+---------+--------------+--------------+--------------------------+------------------------------------------------------------------------------------------+


+------------------------------------------------------+
; General Register Statistics                          ;
+----------------------------------------------+-------+
; Statistic                                    ; Value ;
+----------------------------------------------+-------+
; Total registers                              ; 16    ;
; Number of registers using Synchronous Clear  ; 0     ;
; Number of registers using Synchronous Load   ; 0     ;
; Number of registers using Asynchronous Clear ; 0     ;
; Number of registers using Asynchronous Load  ; 0     ;
; Number of registers using Clock Enable       ; 0     ;
; Number of registers using Preset             ; 0     ;
+----------------------------------------------+-------+


+----------------------------------------------------------------------------------------------------+
; Source assignments for ram:ram_inst|altsyncram:altsyncram_component|altsyncram_2up1:auto_generated ;
+---------------------------------+--------------------+------+--------------------------------------+
; Assignment                      ; Value              ; From ; To                                   ;
+---------------------------------+--------------------+------+--------------------------------------+
; OPTIMIZE_POWER_DURING_SYNTHESIS ; NORMAL_COMPILATION ; -    ; -                                    ;
+---------------------------------+--------------------+------+--------------------------------------+


+-------------------------------------------------------------------------------------------+
; Parameter Settings for User Entity Instance: ram:ram_inst|altsyncram:altsyncram_component ;
+------------------------------------+----------------------+-------------------------------+
; Parameter Name                     ; Value                ; Type                          ;
+------------------------------------+----------------------+-------------------------------+
; BYTE_SIZE_BLOCK                    ; 8                    ; Untyped                       ;
; AUTO_CARRY_CHAINS                  ; ON                   ; AUTO_CARRY                    ;
; IGNORE_CARRY_BUFFERS               ; OFF                  ; IGNORE_CARRY                  ;
; AUTO_CASCADE_CHAINS                ; ON                   ; AUTO_CASCADE                  ;
; IGNORE_CASCADE_BUFFERS             ; OFF                  ; IGNORE_CASCADE                ;
; WIDTH_BYTEENA                      ; 1                    ; Untyped                       ;
; OPERATION_MODE                     ; DUAL_PORT            ; Untyped                       ;
; WIDTH_A                            ; 16                   ; Signed Integer                ;
; WIDTHAD_A                          ; 5                    ; Signed Integer                ;
; NUMWORDS_A                         ; 32                   ; Signed Integer                ;
; OUTDATA_REG_A                      ; UNREGISTERED         ; Untyped                       ;
; ADDRESS_ACLR_A                     ; NONE                 ; Untyped                       ;
; OUTDATA_ACLR_A                     ; NONE                 ; Untyped                       ;
; WRCONTROL_ACLR_A                   ; NONE                 ; Untyped                       ;
; INDATA_ACLR_A                      ; NONE                 ; Untyped                       ;
; BYTEENA_ACLR_A                     ; NONE                 ; Untyped                       ;
; WIDTH_B                            ; 16                   ; Signed Integer                ;
; WIDTHAD_B                          ; 5                    ; Signed Integer                ;
; NUMWORDS_B                         ; 32                   ; Signed Integer                ;
; INDATA_REG_B                       ; CLOCK1               ; Untyped                       ;
; WRCONTROL_WRADDRESS_REG_B          ; CLOCK1               ; Untyped                       ;
; RDCONTROL_REG_B                    ; CLOCK1               ; Untyped                       ;
; ADDRESS_REG_B                      ; CLOCK0               ; Untyped                       ;
; OUTDATA_REG_B                      ; UNREGISTERED         ; Untyped                       ;
; BYTEENA_REG_B                      ; CLOCK1               ; Untyped                       ;
; INDATA_ACLR_B                      ; NONE                 ; Untyped                       ;
; WRCONTROL_ACLR_B                   ; NONE                 ; Untyped                       ;
; ADDRESS_ACLR_B                     ; NONE                 ; Untyped                       ;
; OUTDATA_ACLR_B                     ; NONE                 ; Untyped                       ;
; RDCONTROL_ACLR_B                   ; NONE                 ; Untyped                       ;
; BYTEENA_ACLR_B                     ; NONE                 ; Untyped                       ;
; WIDTH_BYTEENA_A                    ; 1                    ; Signed Integer                ;
; WIDTH_BYTEENA_B                    ; 1                    ; Untyped                       ;
; RAM_BLOCK_TYPE                     ; AUTO                 ; Untyped                       ;
; BYTE_SIZE                          ; 8                    ; Untyped                       ;
; READ_DURING_WRITE_MODE_MIXED_PORTS ; DONT_CARE            ; Untyped                       ;
; READ_DURING_WRITE_MODE_PORT_A      ; NEW_DATA_NO_NBE_READ ; Untyped                       ;
; READ_DURING_WRITE_MODE_PORT_B      ; NEW_DATA_NO_NBE_READ ; Untyped                       ;
; INIT_FILE                          ; ram.hex              ; Untyped                       ;
; INIT_FILE_LAYOUT                   ; PORT_A               ; Untyped                       ;
; MAXIMUM_DEPTH                      ; 0                    ; Untyped                       ;
; CLOCK_ENABLE_INPUT_A               ; BYPASS               ; Untyped                       ;
; CLOCK_ENABLE_INPUT_B               ; BYPASS               ; Untyped                       ;
; CLOCK_ENABLE_OUTPUT_A              ; NORMAL               ; Untyped                       ;
; CLOCK_ENABLE_OUTPUT_B              ; BYPASS               ; Untyped                       ;
; CLOCK_ENABLE_CORE_A                ; USE_INPUT_CLKEN      ; Untyped                       ;
; CLOCK_ENABLE_CORE_B                ; USE_INPUT_CLKEN      ; Untyped                       ;
; ENABLE_ECC                         ; FALSE                ; Untyped                       ;
; WIDTH_ECCSTATUS                    ; 3                    ; Untyped                       ;
; DEVICE_FAMILY                      ; Cyclone IV E         ; Untyped                       ;
; CBXI_PARAMETER                     ; altsyncram_2up1      ; Untyped                       ;
+------------------------------------+----------------------+-------------------------------+
Note: In order to hide this table in the UI and the text report file, please set the "Show Parameter Settings in Synthesis Report" option in "Analysis and Synthesis Settings -> More Settings" to "Off".


+-----------------------------------------------------------------------------------------+
; Parameter Settings for User Entity Instance: mult:mult_inst|lpm_mult:lpm_mult_component ;
+------------------------------------------------+--------------+-------------------------+
; Parameter Name                                 ; Value        ; Type                    ;
+------------------------------------------------+--------------+-------------------------+
; AUTO_CARRY_CHAINS                              ; ON           ; AUTO_CARRY              ;
; IGNORE_CARRY_BUFFERS                           ; OFF          ; IGNORE_CARRY            ;
; AUTO_CASCADE_CHAINS                            ; ON           ; AUTO_CASCADE            ;
; IGNORE_CASCADE_BUFFERS                         ; OFF          ; IGNORE_CASCADE          ;
; LPM_WIDTHA                                     ; 8            ; Signed Integer          ;
; LPM_WIDTHB                                     ; 8            ; Signed Integer          ;
; LPM_WIDTHP                                     ; 16           ; Signed Integer          ;
; LPM_WIDTHR                                     ; 0            ; Untyped                 ;
; LPM_WIDTHS                                     ; 1            ; Untyped                 ;
; LPM_REPRESENTATION                             ; UNSIGNED     ; Untyped                 ;
; LPM_PIPELINE                                   ; 2            ; Signed Integer          ;
; LATENCY                                        ; 0            ; Untyped                 ;
; INPUT_A_IS_CONSTANT                            ; NO           ; Untyped                 ;
; INPUT_B_IS_CONSTANT                            ; NO           ; Untyped                 ;
; USE_EAB                                        ; OFF          ; Untyped                 ;
; MAXIMIZE_SPEED                                 ; 5            ; Untyped                 ;
; DEVICE_FAMILY                                  ; Cyclone IV E ; Untyped                 ;
; CARRY_CHAIN                                    ; MANUAL       ; Untyped                 ;
; APEX20K_TECHNOLOGY_MAPPER                      ; LUT          ; TECH_MAPPER_APEX20K     ;
; DEDICATED_MULTIPLIER_CIRCUITRY                 ; AUTO         ; Untyped                 ;
; DEDICATED_MULTIPLIER_MIN_INPUT_WIDTH_FOR_AUTO  ; 0            ; Untyped                 ;
; DEDICATED_MULTIPLIER_MIN_OUTPUT_WIDTH_FOR_AUTO ; 0            ; Untyped                 ;
; CBXI_PARAMETER                                 ; mult_lap     ; Untyped                 ;
; INPUT_A_FIXED_VALUE                            ; Bx           ; Untyped                 ;
; INPUT_B_FIXED_VALUE                            ; Bx           ; Untyped                 ;
; USE_AHDL_IMPLEMENTATION                        ; OFF          ; Untyped                 ;
+------------------------------------------------+--------------+-------------------------+
Note: In order to hide this table in the UI and the text report file, please set the "Show Parameter Settings in Synthesis Report" option in "Analysis and Synthesis Settings -> More Settings" to "Off".


+------------------------------------------------------------------------------------------+
; altsyncram Parameter Settings by Entity Instance                                         ;
+-------------------------------------------+----------------------------------------------+
; Name                                      ; Value                                        ;
+-------------------------------------------+----------------------------------------------+
; Number of entity instances                ; 1                                            ;
; Entity Instance                           ; ram:ram_inst|altsyncram:altsyncram_component ;
;     -- OPERATION_MODE                     ; DUAL_PORT                                    ;
;     -- WIDTH_A                            ; 16                                           ;
;     -- NUMWORDS_A                         ; 32                                           ;
;     -- OUTDATA_REG_A                      ; UNREGISTERED                                 ;
;     -- WIDTH_B                            ; 16                                           ;
;     -- NUMWORDS_B                         ; 32                                           ;
;     -- ADDRESS_REG_B                      ; CLOCK0                                       ;
;     -- OUTDATA_REG_B                      ; UNREGISTERED                                 ;
;     -- RAM_BLOCK_TYPE                     ; AUTO                                         ;
;     -- READ_DURING_WRITE_MODE_MIXED_PORTS ; DONT_CARE                                    ;
+-------------------------------------------+----------------------------------------------+


+------------------------------------------------------------------------------------+
; lpm_mult Parameter Settings by Entity Instance                                     ;
+---------------------------------------+--------------------------------------------+
; Name                                  ; Value                                      ;
+---------------------------------------+--------------------------------------------+
; Number of entity instances            ; 1                                          ;
; Entity Instance                       ; mult:mult_inst|lpm_mult:lpm_mult_component ;
;     -- LPM_WIDTHA                     ; 8                                          ;
;     -- LPM_WIDTHB                     ; 8                                          ;
;     -- LPM_WIDTHP                     ; 16                                         ;
;     -- LPM_REPRESENTATION             ; UNSIGNED                                   ;
;     -- INPUT_A_IS_CONSTANT            ; NO                                         ;
;     -- INPUT_B_IS_CONSTANT            ; NO                                         ;
;     -- USE_EAB                        ; OFF                                        ;
;     -- DEDICATED_MULTIPLIER_CIRCUITRY ; AUTO                                       ;
;     -- INPUT_A_FIXED_VALUE            ; Bx                                         ;
;     -- INPUT_B_FIXED_VALUE            ; Bx                                         ;
+---------------------------------------+--------------------------------------------+


+-------------------------------+
; Elapsed Time Per Partition    ;
+----------------+--------------+
; Partition Name ; Elapsed Time ;
+----------------+--------------+
; Top            ; 00:00:00     ;
+----------------+--------------+


+-------------------------------+
; Analysis & Synthesis Messages ;
+-------------------------------+
Info: *******************************************************************
Info: Running Quartus II 64-Bit Analysis & Synthesis
    Info: Version 11.0 Build 157 04/27/2011 SJ Full Version
    Info: Processing started: Mon May 09 12:45:51 2011
Info: Command: quartus_map --read_settings_files=on --write_settings_files=off pipemult -c pipemult
Info: Parallel compilation is enabled and will use 2 of the 2 processors detected
Info: Found 1 design units, including 1 entities, in source file pipemult.bdf
    Info: Found entity 1: pipemult
Info: Found 1 design units, including 1 entities, in source file mult.v
    Info: Found entity 1: mult
Info: Found 1 design units, including 1 entities, in source file ram.v
    Info: Found entity 1: ram
Info: Elaborating entity "pipemult" for the top level hierarchy
Info: Elaborating entity "ram" for hierarchy "ram:ram_inst"
Info: Elaborating entity "altsyncram" for hierarchy "ram:ram_inst|altsyncram:altsyncram_component"
Info: Elaborated megafunction instantiation "ram:ram_inst|altsyncram:altsyncram_component"
Info: Instantiated megafunction "ram:ram_inst|altsyncram:altsyncram_component" with the following parameter:
    Info: Parameter "address_aclr_b" = "NONE"
    Info: Parameter "address_reg_b" = "CLOCK0"
    Info: Parameter "clock_enable_input_a" = "BYPASS"
    Info: Parameter "clock_enable_input_b" = "BYPASS"
    Info: Parameter "clock_enable_output_b" = "BYPASS"
    Info: Parameter "init_file" = "ram.hex"
    Info: Parameter "intended_device_family" = "Cyclone IV E"
    Info: Parameter "lpm_type" = "altsyncram"
    Info: Parameter "numwords_a" = "32"
    Info: Parameter "numwords_b" = "32"
    Info: Parameter "operation_mode" = "DUAL_PORT"
    Info: Parameter "outdata_aclr_b" = "NONE"
    Info: Parameter "outdata_reg_b" = "UNREGISTERED"
    Info: Parameter "power_up_uninitialized" = "FALSE"
    Info: Parameter "read_during_write_mode_mixed_ports" = "DONT_CARE"
    Info: Parameter "widthad_a" = "5"
    Info: Parameter "widthad_b" = "5"
    Info: Parameter "width_a" = "16"
    Info: Parameter "width_b" = "16"
    Info: Parameter "width_byteena_a" = "1"
Info: Found 1 design units, including 1 entities, in source file db/altsyncram_2up1.tdf
    Info: Found entity 1: altsyncram_2up1
Info: Elaborating entity "altsyncram_2up1" for hierarchy "ram:ram_inst|altsyncram:altsyncram_component|altsyncram_2up1:auto_generated"
Info: Elaborating entity "mult" for hierarchy "mult:mult_inst"
Info: Elaborating entity "lpm_mult" for hierarchy "mult:mult_inst|lpm_mult:lpm_mult_component"
Info: Elaborated megafunction instantiation "mult:mult_inst|lpm_mult:lpm_mult_component"
Info: Instantiated megafunction "mult:mult_inst|lpm_mult:lpm_mult_component" with the following parameter:
    Info: Parameter "lpm_hint" = "MAXIMIZE_SPEED=5"
    Info: Parameter "lpm_pipeline" = "2"
    Info: Parameter "lpm_representation" = "UNSIGNED"
    Info: Parameter "lpm_type" = "LPM_MULT"
    Info: Parameter "lpm_widtha" = "8"
    Info: Parameter "lpm_widthb" = "8"
    Info: Parameter "lpm_widthp" = "16"
Info: Found 1 design units, including 1 entities, in source file db/mult_lap.tdf
    Info: Found entity 1: mult_lap
Info: Elaborating entity "mult_lap" for hierarchy "mult:mult_inst|lpm_mult:lpm_mult_component|mult_lap:auto_generated"
Info: Timing-Driven Synthesis is running
Info: Generating hard_block partition "hard_block:auto_generated_inst"
Info: Implemented 77 device resources after synthesis - the final resource count might be different
    Info: Implemented 28 input pins
    Info: Implemented 16 output pins
    Info: Implemented 16 logic cells
    Info: Implemented 16 RAM segments
    Info: Implemented 1 DSP elements
Info: Quartus II 64-Bit Analysis & Synthesis was successful. 0 errors, 0 warnings
    Info: Peak virtual memory: 337 megabytes
    Info: Processing ended: Mon May 09 12:45:54 2011
    Info: Elapsed time: 00:00:03
    Info: Total CPU time (on all processors): 00:00:03


