I/O Assignment Analysis report for pipemult_migration
Mon May 09 09:17:55 2011
Quartus II 64-Bit Version 11.0 Build 157 04/27/2011 SJ Full Version


---------------------
; Table of Contents ;
---------------------
  1. Legal Notice
  2. I/O Assignment Analysis Summary
  3. Parallel Compilation
  4. Fitter Messages
  5. Ignored Assignments
  6. Pin-Out File
  7. Input Pins
  8. Output Pins
  9. I/O Bank Usage
 10. All Package Pins
 11. Migration Devices
 12. Output Pin Default Load For Reported TCO
 13. I/O Rules Details
 14. I/O Assignment Analysis Messages



----------------
; Legal Notice ;
----------------
Copyright (C) 1991-2011 Altera Corporation
Your use of Altera Corporation's design tools, logic functions 
and other software and tools, and its AMPP partner logic 
functions, and any output files from any of the foregoing 
(including device programming or simulation files), and any 
associated documentation or information are expressly subject 
to the terms and conditions of the Altera Program License 
Subscription Agreement, Altera MegaCore Function License 
Agreement, or other applicable license agreement, including, 
without limitation, that your use is for the sole purpose of 
programming logic devices manufactured by Altera and sold by 
Altera or its authorized distributors.  Please refer to the 
applicable agreement for further details.



+----------------------------------------------------------------------------+
; I/O Assignment Analysis Summary                                            ;
+--------------------------------+-------------------------------------------+
; I/O Assignment Analysis Status ; Failed - Mon May 09 09:17:55 2011         ;
; Quartus II 64-Bit Version      ; 11.0 Build 157 04/27/2011 SJ Full Version ;
; Revision Name                  ; pipemult_migration                        ;
; Top-level Entity Name          ; pipemult                                  ;
; Family                         ; Cyclone IV E                              ;
; Device                         ; EP4CE6F17C6                               ;
; Timing Models                  ; Final                                     ;
; Total pins                     ; 44 / 154 ( 29 % )                         ;
; Total virtual pins             ; 0                                         ;
; Total PLLs                     ; 0 / 2 ( 0 % )                             ;
+--------------------------------+-------------------------------------------+


+------------------------------------------+
; Parallel Compilation                     ;
+----------------------------+-------------+
; Processors                 ; Number      ;
+----------------------------+-------------+
; Number detected on machine ; 2           ;
; Maximum allowed            ; 2           ;
;                            ;             ;
; Average used               ; 1.00        ;
; Maximum used               ; 1           ;
;                            ;             ;
; Usage by Processor         ; % Time Used ;
;     1 processor            ; 100.0%      ;
;     2 processors           ;   0.0%      ;
+----------------------------+-------------+


+-----------------+
; Fitter Messages ;
+-----------------+
Info: *******************************************************************
Info: Running Quartus II 64-Bit Fitter
    Info: Version 11.0 Build 157 04/27/2011 SJ Full Version
    Info: Processing started: Mon May 09 09:17:53 2011
Info: Command: quartus_fit --read_settings_files=on --write_settings_files=off pipemult -c pipemult_migration --check_ios
Info: Parallel compilation is enabled and will use 2 of the 2 processors detected
Info: Selected device EP4CE6F17C6 for design "pipemult_migration"
Info: Selected Migration Device List
    Info: Selected EP4CE22F17C8 for migration
Info: Selected migration device list is legal with 245 total of migratable pins
Info: Low junction temperature is 0 degrees C
Info: High junction temperature is 85 degrees C
Info: Selected device migration path implemented 14 pin(s) as tristated input(s)
    Info: Pin "D4"
    Info: Pin "F5"
    Info: Pin "J6"
    Info: Pin "L6"
    Info: Pin "K9"
    Info: Pin "M9"
    Info: Pin "K10"
    Info: Pin "M11"
    Info: Pin "N13"
    Info: Pin "L12"
    Info: Pin "K11"
    Info: Pin "J12"
    Info: Pin "F11"
    Info: Pin "F7"
Info: Selected device migration path implemented 12 pin(s) as GND
    Info: Pin "E5"
    Info: Pin "K6"
    Info: Pin "K8"
    Info: Pin "L9"
    Info: Pin "L10"
    Info: Pin "L11"
    Info: Pin "M12"
    Info: Pin "K12"
    Info: Pin "J11"
    Info: Pin "G11"
    Info: Pin "F10"
    Info: Pin "F6"
Error: Can't place node "q[0]" -- illegal location assignment PIN_N13 File: C:/altera_trn/Quartus_II_Software_Design_Series_Foundation/QIIF11_0/Ex1/Verilog/pipemult.v Line: 59
Error: Can't place node "q[1]" -- illegal location assignment PIN_M12 File: C:/altera_trn/Quartus_II_Software_Design_Series_Foundation/QIIF11_0/Ex1/Verilog/pipemult.v Line: 59
Error: Can't place node "q[2]" -- illegal location assignment PIN_L12 File: C:/altera_trn/Quartus_II_Software_Design_Series_Foundation/QIIF11_0/Ex1/Verilog/pipemult.v Line: 59
Error: Can't place node "q[3]" -- illegal location assignment PIN_K12 File: C:/altera_trn/Quartus_II_Software_Design_Series_Foundation/QIIF11_0/Ex1/Verilog/pipemult.v Line: 59
Error: Can't place node "q[8]" -- illegal location assignment PIN_K11 File: C:/altera_trn/Quartus_II_Software_Design_Series_Foundation/QIIF11_0/Ex1/Verilog/pipemult.v Line: 59
Error: Can't place node "q[14]" -- illegal location assignment PIN_J11 File: C:/altera_trn/Quartus_II_Software_Design_Series_Foundation/QIIF11_0/Ex1/Verilog/pipemult.v Line: 59
Error: Can't place node "rdaddress[3]" -- illegal location assignment PIN_G11 File: C:/altera_trn/Quartus_II_Software_Design_Series_Foundation/QIIF11_0/Ex1/Verilog/pipemult.v Line: 34
Error: Can't place node "dataa[7]" -- illegal location assignment PIN_F10 File: C:/altera_trn/Quartus_II_Software_Design_Series_Foundation/QIIF11_0/Ex1/Verilog/pipemult.v Line: 32
Info: Fitter preparation operations ending: elapsed time is 00:00:00
Warning: Found invalid Fitter assignments. See the Ignored Assignments panel in the Fitter Compilation Report for more information.
Error: Can't fit design in device
Error: Quartus II 64-Bit I/O Assignment Analysis was unsuccessful. 9 errors, 1 warning
    Error: Peak virtual memory: 373 megabytes
    Error: Processing ended: Mon May 09 09:17:55 2011
    Error: Elapsed time: 00:00:02
    Error: Total CPU time (on all processors): 00:00:02


+-----------------------------------------------------------------------------------------------------+
; Ignored Assignments                                                                                 ;
+----------+----------------+--------------+-------------------------+---------------+----------------+
; Name     ; Ignored Entity ; Ignored From ; Ignored To              ; Ignored Value ; Ignored Source ;
+----------+----------------+--------------+-------------------------+---------------+----------------+
; Location ;                ;              ; ~ALTERA_ASDO_DATA1~     ; PIN_C1        ; QSF Assignment ;
; Location ;                ;              ; ~ALTERA_DATA0~          ; PIN_H2        ; QSF Assignment ;
; Location ;                ;              ; ~ALTERA_DCLK~           ; PIN_H1        ; QSF Assignment ;
; Location ;                ;              ; ~ALTERA_FLASH_nCE_nCSO~ ; PIN_D2        ; QSF Assignment ;
; Location ;                ;              ; ~ALTERA_nCEO~           ; PIN_F16       ; QSF Assignment ;
+----------+----------------+--------------+-------------------------+---------------+----------------+


+--------------+
; Pin-Out File ;
+--------------+
The pin-out file can be found in C:/altera_trn/Quartus_II_Software_Design_Series_Foundation/QIIF11_0/Ex1/Verilog/pipemult_migration.pin.


+----------------------------------------------------------------------------------------------------------------------------------------------------------------------------------------------------------------------------------------------------------------------------------------+
; Input Pins                                                                                                                                                                                                                                                                             ;
+--------------+------------+----------+--------------+--------------+--------------+-----------------------+--------------------+--------+----------------+---------------+-----------------+----------+--------------+--------------+---------------------------+----------------------+
; Name         ; Pin #      ; I/O Bank ; X coordinate ; Y coordinate ; Z coordinate ; Combinational Fan-Out ; Registered Fan-Out ; Global ; Input Register ; Power Up High ; PCI I/O Enabled ; Bus Hold ; Weak Pull Up ; I/O Standard ; Termination Control Block ; Location assigned by ;
+--------------+------------+----------+--------------+--------------+--------------+-----------------------+--------------------+--------+----------------+---------------+-----------------+----------+--------------+--------------+---------------------------+----------------------+
; clk1         ; E15        ; 6        ; 34           ; 12           ; 0            ; 34                    ; 0                  ; no     ; no             ; no            ; no              ; no       ; Off          ; None         ; --                        ; User                 ;
; dataa[0]     ; A14        ; 7        ; 28           ; 24           ; 0            ; 1                     ; 0                  ; no     ; no             ; no            ; no              ; no       ; Off          ; None         ; --                        ; User                 ;
; dataa[1]     ; B14        ; 7        ; 28           ; 24           ; 7            ; 1                     ; 0                  ; no     ; no             ; no            ; no              ; no       ; Off          ; None         ; --                        ; User                 ;
; dataa[2]     ; E11        ; 7        ; 28           ; 24           ; 14           ; 1                     ; 0                  ; no     ; no             ; no            ; no              ; no       ; Off          ; None         ; --                        ; User                 ;
; dataa[3]     ; E10        ; 7        ; 28           ; 24           ; 21           ; 1                     ; 0                  ; no     ; no             ; no            ; no              ; no       ; Off          ; None         ; --                        ; User                 ;
; dataa[4]     ; A12        ; 7        ; 25           ; 24           ; 0            ; 1                     ; 0                  ; no     ; no             ; no            ; no              ; no       ; Off          ; None         ; --                        ; User                 ;
; dataa[5]     ; B12        ; 7        ; 25           ; 24           ; 7            ; 1                     ; 0                  ; no     ; no             ; no            ; no              ; no       ; Off          ; None         ; --                        ; User                 ;
; dataa[6]     ; A11        ; 7        ; 25           ; 24           ; 14           ; 1                     ; 0                  ; no     ; no             ; no            ; no              ; no       ; Off          ; None         ; --                        ; User                 ;
; dataa[7]     ; Unassigned ; --       ; --           ; --           ; --           ; 1                     ; 0                  ; no     ; no             ; no            ; no              ; no       ; Off          ; None         ; --                        ; User                 ;
; datab[0]     ; B13        ; 7        ; 30           ; 24           ; 21           ; 1                     ; 0                  ; no     ; no             ; no            ; no              ; no       ; Off          ; None         ; --                        ; User                 ;
; datab[1]     ; C14        ; 7        ; 32           ; 24           ; 7            ; 1                     ; 0                  ; no     ; no             ; no            ; no              ; no       ; Off          ; None         ; --                        ; User                 ;
; datab[2]     ; D11        ; 7        ; 32           ; 24           ; 21           ; 1                     ; 0                  ; no     ; no             ; no            ; no              ; no       ; Off          ; None         ; --                        ; User                 ;
; datab[3]     ; D14        ; 7        ; 32           ; 24           ; 14           ; 1                     ; 0                  ; no     ; no             ; no            ; no              ; no       ; Off          ; None         ; --                        ; User                 ;
; datab[4]     ; A13        ; 7        ; 30           ; 24           ; 7            ; 1                     ; 0                  ; no     ; no             ; no            ; no              ; no       ; Off          ; None         ; --                        ; User                 ;
; datab[5]     ; D12        ; 7        ; 30           ; 24           ; 0            ; 1                     ; 0                  ; no     ; no             ; no            ; no              ; no       ; Off          ; None         ; --                        ; User                 ;
; datab[6]     ; B11        ; 7        ; 25           ; 24           ; 21           ; 1                     ; 0                  ; no     ; no             ; no            ; no              ; no       ; Off          ; None         ; --                        ; User                 ;
; datab[7]     ; F9         ; 7        ; 23           ; 24           ; 14           ; 1                     ; 0                  ; no     ; no             ; no            ; no              ; no       ; Off          ; None         ; --                        ; User                 ;
; rdaddress[0] ; B16        ; 6        ; 34           ; 18           ; 0            ; 16                    ; 0                  ; no     ; no             ; no            ; no              ; no       ; Off          ; None         ; --                        ; User                 ;
; rdaddress[1] ; D16        ; 6        ; 34           ; 19           ; 7            ; 16                    ; 0                  ; no     ; no             ; no            ; no              ; no       ; Off          ; None         ; --                        ; User                 ;
; rdaddress[2] ; D15        ; 6        ; 34           ; 19           ; 0            ; 16                    ; 0                  ; no     ; no             ; no            ; no              ; no       ; Off          ; None         ; --                        ; User                 ;
; rdaddress[3] ; Unassigned ; --       ; --           ; --           ; --           ; 16                    ; 0                  ; no     ; no             ; no            ; no              ; no       ; Off          ; None         ; --                        ; User                 ;
; rdaddress[4] ; C16        ; 6        ; 34           ; 20           ; 7            ; 16                    ; 0                  ; no     ; no             ; no            ; no              ; no       ; Off          ; None         ; --                        ; User                 ;
; wraddress[0] ; E16        ; 6        ; 34           ; 12           ; 7            ; 16                    ; 0                  ; no     ; no             ; no            ; no              ; no       ; Off          ; None         ; --                        ; User                 ;
; wraddress[1] ; G16        ; 6        ; 34           ; 17           ; 21           ; 16                    ; 0                  ; no     ; no             ; no            ; no              ; no       ; Off          ; None         ; --                        ; User                 ;
; wraddress[2] ; G15        ; 6        ; 34           ; 17           ; 14           ; 16                    ; 0                  ; no     ; no             ; no            ; no              ; no       ; Off          ; None         ; --                        ; User                 ;
; wraddress[3] ; F13        ; 6        ; 34           ; 17           ; 0            ; 16                    ; 0                  ; no     ; no             ; no            ; no              ; no       ; Off          ; None         ; --                        ; User                 ;
; wraddress[4] ; F15        ; 6        ; 34           ; 18           ; 14           ; 16                    ; 0                  ; no     ; no             ; no            ; no              ; no       ; Off          ; None         ; --                        ; User                 ;
; wren         ; K15        ; 5        ; 34           ; 9            ; 7            ; 16                    ; 0                  ; no     ; no             ; no            ; no              ; no       ; Off          ; None         ; --                        ; User                 ;
+--------------+------------+----------+--------------+--------------+--------------+-----------------------+--------------------+--------+----------------+---------------+-----------------+----------+--------------+--------------+---------------------------+----------------------+


+----------------------------------------------------------------------------------------------------------------------------------------------------------------------------------------------------------------------------------------------------------------------------------------------------------------------------------------------------------------------------------------------------------------------------------------------+
; Output Pins                                                                                                                                                                                                                                                                                                                                                                                                                                  ;
+-------+------------+----------+--------------+--------------+--------------+-----------------+------------------------+---------------+-----------+-----------------+------------+---------------+----------+--------------+--------------+------------------+-------------+---------------------------+----------------------------+-----------------------------+----------------------+------+----------------------+---------------------+
; Name  ; Pin #      ; I/O Bank ; X coordinate ; Y coordinate ; Z coordinate ; Output Register ; Output Enable Register ; Power Up High ; Slew Rate ; PCI I/O Enabled ; Open Drain ; TRI Primitive ; Bus Hold ; Weak Pull Up ; I/O Standard ; Current Strength ; Termination ; Termination Control Block ; Output Buffer Pre-emphasis ; Voltage Output Differential ; Location assigned by ; Load ; Output Enable Source ; Output Enable Group ;
+-------+------------+----------+--------------+--------------+--------------+-----------------+------------------------+---------------+-----------+-----------------+------------+---------------+----------+--------------+--------------+------------------+-------------+---------------------------+----------------------------+-----------------------------+----------------------+------+----------------------+---------------------+
; q[0]  ; Unassigned ; --       ; --           ; --           ; --           ; no              ; no                     ; no            ; no        ; no              ; no         ; no            ; no       ; Off          ; None         ; Default          ; Off         ; --                        ; no                         ; no                          ; User                 ; 0 pF ; -                    ; -                   ;
; q[10] ; N15        ; 5        ; 34           ; 7            ; 14           ; no              ; no                     ; no            ; no        ; no              ; no         ; no            ; no       ; Off          ; None         ; Default          ; Off         ; --                        ; no                         ; no                          ; User                 ; 0 pF ; -                    ; -                   ;
; q[11] ; L13        ; 5        ; 34           ; 8            ; 21           ; no              ; no                     ; no            ; no        ; no              ; no         ; no            ; no       ; Off          ; None         ; Default          ; Off         ; --                        ; no                         ; no                          ; User                 ; 0 pF ; -                    ; -                   ;
; q[12] ; L16        ; 5        ; 34           ; 8            ; 14           ; no              ; no                     ; no            ; no        ; no              ; no         ; no            ; no       ; Off          ; None         ; Default          ; Off         ; --                        ; no                         ; no                          ; User                 ; 0 pF ; -                    ; -                   ;
; q[13] ; L15        ; 5        ; 34           ; 8            ; 7            ; no              ; no                     ; no            ; no        ; no              ; no         ; no            ; no       ; Off          ; None         ; Default          ; Off         ; --                        ; no                         ; no                          ; User                 ; 0 pF ; -                    ; -                   ;
; q[14] ; Unassigned ; --       ; --           ; --           ; --           ; no              ; no                     ; no            ; no        ; no              ; no         ; no            ; no       ; Off          ; None         ; Default          ; Off         ; --                        ; no                         ; no                          ; User                 ; 0 pF ; -                    ; -                   ;
; q[15] ; K16        ; 5        ; 34           ; 9            ; 14           ; no              ; no                     ; no            ; no        ; no              ; no         ; no            ; no       ; Off          ; None         ; Default          ; Off         ; --                        ; no                         ; no                          ; User                 ; 0 pF ; -                    ; -                   ;
; q[1]  ; Unassigned ; --       ; --           ; --           ; --           ; no              ; no                     ; no            ; no        ; no              ; no         ; no            ; no       ; Off          ; None         ; Default          ; Off         ; --                        ; no                         ; no                          ; User                 ; 0 pF ; -                    ; -                   ;
; q[2]  ; Unassigned ; --       ; --           ; --           ; --           ; no              ; no                     ; no            ; no        ; no              ; no         ; no            ; no       ; Off          ; None         ; Default          ; Off         ; --                        ; no                         ; no                          ; User                 ; 0 pF ; -                    ; -                   ;
; q[3]  ; Unassigned ; --       ; --           ; --           ; --           ; no              ; no                     ; no            ; no        ; no              ; no         ; no            ; no       ; Off          ; None         ; Default          ; Off         ; --                        ; no                         ; no                          ; User                 ; 0 pF ; -                    ; -                   ;
; q[4]  ; N14        ; 5        ; 34           ; 4            ; 21           ; no              ; no                     ; no            ; no        ; no              ; no         ; no            ; no       ; Off          ; None         ; Default          ; Off         ; --                        ; no                         ; no                          ; User                 ; 0 pF ; -                    ; -                   ;
; q[5]  ; P15        ; 5        ; 34           ; 4            ; 14           ; no              ; no                     ; no            ; no        ; no              ; no         ; no            ; no       ; Off          ; None         ; Default          ; Off         ; --                        ; no                         ; no                          ; User                 ; 0 pF ; -                    ; -                   ;
; q[6]  ; P16        ; 5        ; 34           ; 5            ; 21           ; no              ; no                     ; no            ; no        ; no              ; no         ; no            ; no       ; Off          ; None         ; Default          ; Off         ; --                        ; no                         ; no                          ; User                 ; 0 pF ; -                    ; -                   ;
; q[7]  ; R16        ; 5        ; 34           ; 5            ; 14           ; no              ; no                     ; no            ; no        ; no              ; no         ; no            ; no       ; Off          ; None         ; Default          ; Off         ; --                        ; no                         ; no                          ; User                 ; 0 pF ; -                    ; -                   ;
; q[8]  ; Unassigned ; --       ; --           ; --           ; --           ; no              ; no                     ; no            ; no        ; no              ; no         ; no            ; no       ; Off          ; None         ; Default          ; Off         ; --                        ; no                         ; no                          ; User                 ; 0 pF ; -                    ; -                   ;
; q[9]  ; N16        ; 5        ; 34           ; 7            ; 21           ; no              ; no                     ; no            ; no        ; no              ; no         ; no            ; no       ; Off          ; None         ; Default          ; Off         ; --                        ; no                         ; no                          ; User                 ; 0 pF ; -                    ; -                   ;
+-------+------------+----------+--------------+--------------+--------------+-----------------+------------------------+---------------+-----------+-----------------+------------+---------------+----------+--------------+--------------+------------------+-------------+---------------------------+----------------------------+-----------------------------+----------------------+------+----------------------+---------------------+


+------------------------------------------------------------+
; I/O Bank Usage                                             ;
+----------+------------------+---------------+--------------+
; I/O Bank ; Usage            ; VCCIO Voltage ; VREF Voltage ;
+----------+------------------+---------------+--------------+
; 1        ; 0 / 14 ( 0 % )   ; --            ; --           ;
; 2        ; 0 / 16 ( 0 % )   ; --            ; --           ;
; 3        ; 0 / 25 ( 0 % )   ; --            ; --           ;
; 4        ; 0 / 20 ( 0 % )   ; --            ; --           ;
; 5        ; 11 / 18 ( 61 % ) ; --            ; --           ;
; 6        ; 10 / 13 ( 77 % ) ; --            ; --           ;
; 7        ; 15 / 24 ( 63 % ) ; --            ; --           ;
; 8        ; 0 / 24 ( 0 % )   ; --            ; --           ;
; Unknown  ; 8                ; --            ;              ;
+----------+------------------+---------------+--------------+


+---------------------------------------------------------------------------------------------------------------------------------------------------------------+
; All Package Pins                                                                                                                                              ;
+----------+------------+----------+---------------------------------+--------+--------------+---------+------------+-----------------+----------+--------------+
; Location ; Pad Number ; I/O Bank ; Pin Name/Usage                  ; Dir.   ; I/O Standard ; Voltage ; I/O Type   ; User Assignment ; Bus Hold ; Weak Pull Up ;
+----------+------------+----------+---------------------------------+--------+--------------+---------+------------+-----------------+----------+--------------+
; A1       ;            ; 8        ; VCCIO8                          ; power  ;              ;         ; --         ;                 ; --       ; --           ;
; A2       ; 194        ; 8        ; RESERVED_INPUT_WITH_WEAK_PULLUP ;        ;              ;         ; Column I/O ;                 ; no       ; On           ;
; A3       ; 200        ; 8        ; RESERVED_INPUT_WITH_WEAK_PULLUP ;        ;              ;         ; Column I/O ;                 ; no       ; On           ;
; A4       ; 196        ; 8        ; RESERVED_INPUT_WITH_WEAK_PULLUP ;        ;              ;         ; Column I/O ;                 ; no       ; On           ;
; A5       ; 192        ; 8        ; RESERVED_INPUT_WITH_WEAK_PULLUP ;        ;              ;         ; Column I/O ;                 ; no       ; On           ;
; A6       ; 188        ; 8        ; RESERVED_INPUT_WITH_WEAK_PULLUP ;        ;              ;         ; Column I/O ;                 ; no       ; On           ;
; A7       ; 183        ; 8        ; RESERVED_INPUT_WITH_WEAK_PULLUP ;        ;              ;         ; Column I/O ;                 ; no       ; On           ;
; A8       ; 177        ; 8        ; GND+                            ;        ;              ;         ; Column I/O ;                 ; no       ; On           ;
; A9       ; 175        ; 7        ; GND+                            ;        ;              ;         ; Column I/O ;                 ; no       ; On           ;
; A10      ; 168        ; 7        ; RESERVED_INPUT_WITH_WEAK_PULLUP ;        ;              ;         ; Column I/O ;                 ; no       ; On           ;
; A11      ; 161        ; 7        ; dataa[6]                        ; input  ; None         ;         ; Column I/O ; Y               ; no       ; Off          ;
; A12      ; 159        ; 7        ; dataa[4]                        ; input  ; None         ;         ; Column I/O ; Y               ; no       ; Off          ;
; A13      ; 153        ; 7        ; datab[4]                        ; input  ; None         ;         ; Column I/O ; Y               ; no       ; Off          ;
; A14      ; 155        ; 7        ; dataa[0]                        ; input  ; None         ;         ; Column I/O ; Y               ; no       ; Off          ;
; A15      ; 167        ; 7        ; RESERVED_INPUT_WITH_WEAK_PULLUP ;        ;              ;         ; Column I/O ;                 ; no       ; On           ;
; A16      ;            ; 7        ; VCCIO7                          ; power  ;              ;         ; --         ;                 ; --       ; --           ;
; B1       ; 3          ; 1        ; RESERVED_INPUT_WITH_WEAK_PULLUP ;        ;              ;         ; Row I/O    ;                 ; no       ; On           ;
; B2       ;            ;          ; GND                             ; gnd    ;              ;         ; --         ;                 ; --       ; --           ;
; B3       ; 201        ; 8        ; RESERVED_INPUT_WITH_WEAK_PULLUP ;        ;              ;         ; Column I/O ;                 ; no       ; On           ;
; B4       ; 197        ; 8        ; RESERVED_INPUT_WITH_WEAK_PULLUP ;        ;              ;         ; Column I/O ;                 ; no       ; On           ;
; B5       ; 195        ; 8        ; RESERVED_INPUT_WITH_WEAK_PULLUP ;        ;              ;         ; Column I/O ;                 ; no       ; On           ;
; B6       ; 189        ; 8        ; RESERVED_INPUT_WITH_WEAK_PULLUP ;        ;              ;         ; Column I/O ;                 ; no       ; On           ;
; B7       ; 184        ; 8        ; RESERVED_INPUT_WITH_WEAK_PULLUP ;        ;              ;         ; Column I/O ;                 ; no       ; On           ;
; B8       ; 178        ; 8        ; GND+                            ;        ;              ;         ; Column I/O ;                 ; no       ; On           ;
; B9       ; 176        ; 7        ; GND+                            ;        ;              ;         ; Column I/O ;                 ; no       ; On           ;
; B10      ; 169        ; 7        ; RESERVED_INPUT_WITH_WEAK_PULLUP ;        ;              ;         ; Column I/O ;                 ; no       ; On           ;
; B11      ; 162        ; 7        ; datab[6]                        ; input  ; None         ;         ; Column I/O ; Y               ; no       ; Off          ;
; B12      ; 160        ; 7        ; dataa[5]                        ; input  ; None         ;         ; Column I/O ; Y               ; no       ; Off          ;
; B13      ; 154        ; 7        ; datab[0]                        ; input  ; None         ;         ; Column I/O ; Y               ; no       ; Off          ;
; B14      ; 156        ; 7        ; dataa[1]                        ; input  ; None         ;         ; Column I/O ; Y               ; no       ; Off          ;
; B15      ;            ;          ; GND                             ; gnd    ;              ;         ; --         ;                 ; --       ; --           ;
; B16      ; 141        ; 6        ; rdaddress[0]                    ; input  ; None         ;         ; Row I/O    ; Y               ; no       ; Off          ;
; C1       ; 5          ; 1        ; RESERVED_INPUT_WITH_WEAK_PULLUP ;        ;              ;         ; Row I/O    ;                 ; no       ; On           ;
; C2       ; 4          ; 1        ; RESERVED_INPUT_WITH_WEAK_PULLUP ;        ;              ;         ; Row I/O    ;                 ; no       ; On           ;
; C3       ; 202        ; 8        ; RESERVED_INPUT_WITH_WEAK_PULLUP ;        ;              ;         ; Column I/O ;                 ; no       ; On           ;
; C4       ;            ; 8        ; VCCIO8                          ; power  ;              ;         ; --         ;                 ; --       ; --           ;
; C5       ;            ;          ; GND                             ; gnd    ;              ;         ; --         ;                 ; --       ; --           ;
; C6       ; 187        ; 8        ; RESERVED_INPUT_WITH_WEAK_PULLUP ;        ;              ;         ; Column I/O ;                 ; no       ; On           ;
; C7       ;            ; 8        ; VCCIO8                          ; power  ;              ;         ; --         ;                 ; --       ; --           ;
; C8       ; 179        ; 8        ; RESERVED_INPUT_WITH_WEAK_PULLUP ;        ;              ;         ; Column I/O ;                 ; no       ; On           ;
; C9       ; 172        ; 7        ; RESERVED_INPUT_WITH_WEAK_PULLUP ;        ;              ;         ; Column I/O ;                 ; no       ; On           ;
; C10      ;            ; 7        ; VCCIO7                          ; power  ;              ;         ; --         ;                 ; --       ; --           ;
; C11      ; 163        ; 7        ; RESERVED_INPUT_WITH_WEAK_PULLUP ;        ;              ;         ; Column I/O ;                 ; no       ; On           ;
; C12      ;            ;          ; GND                             ; gnd    ;              ;         ; --         ;                 ; --       ; --           ;
; C13      ;            ; 7        ; VCCIO7                          ; power  ;              ;         ; --         ;                 ; --       ; --           ;
; C14      ; 149        ; 7        ; datab[1]                        ; input  ; None         ;         ; Column I/O ; Y               ; no       ; Off          ;
; C15      ; 147        ; 6        ; RESERVED_INPUT_WITH_WEAK_PULLUP ;        ;              ;         ; Row I/O    ;                 ; no       ; On           ;
; C16      ; 146        ; 6        ; rdaddress[4]                    ; input  ; None         ;         ; Row I/O    ; Y               ; no       ; Off          ;
; D1       ; 8          ; 1        ; RESERVED_INPUT_WITH_WEAK_PULLUP ;        ;              ;         ; Row I/O    ;                 ; no       ; On           ;
; D2       ; 7          ; 1        ; RESERVED_INPUT_WITH_WEAK_PULLUP ;        ;              ;         ; Row I/O    ;                 ; no       ; On           ;
; D3       ; 203        ; 8        ; RESERVED_INPUT_WITH_WEAK_PULLUP ;        ;              ;         ; Column I/O ;                 ; no       ; On           ;
; D4       ;            ;          ; VCCD_PLL3                       ; power  ;              ;         ; --         ;                 ; --       ; --           ;
; D5       ; 198        ; 8        ; RESERVED_INPUT_WITH_WEAK_PULLUP ;        ;              ;         ; Column I/O ;                 ; no       ; On           ;
; D6       ; 199        ; 8        ; RESERVED_INPUT_WITH_WEAK_PULLUP ;        ;              ;         ; Column I/O ;                 ; no       ; On           ;
; D7       ;            ;          ; GND                             ; gnd    ;              ;         ; --         ;                 ; --       ; --           ;
; D8       ; 180        ; 8        ; RESERVED_INPUT_WITH_WEAK_PULLUP ;        ;              ;         ; Column I/O ;                 ; no       ; On           ;
; D9       ; 173        ; 7        ; RESERVED_INPUT_WITH_WEAK_PULLUP ;        ;              ;         ; Column I/O ;                 ; no       ; On           ;
; D10      ;            ;          ; GND                             ; gnd    ;              ;         ; --         ;                 ; --       ; --           ;
; D11      ; 151        ; 7        ; datab[2]                        ; input  ; None         ;         ; Column I/O ; Y               ; no       ; Off          ;
; D12      ; 152        ; 7        ; datab[5]                        ; input  ; None         ;         ; Column I/O ; Y               ; no       ; Off          ;
; D13      ;            ;          ; VCCD_PLL2                       ; power  ;              ;         ; --         ;                 ; --       ; --           ;
; D14      ; 150        ; 7        ; datab[3]                        ; input  ; None         ;         ; Column I/O ; Y               ; no       ; Off          ;
; D15      ; 144        ; 6        ; rdaddress[2]                    ; input  ; None         ;         ; Row I/O    ; Y               ; no       ; Off          ;
; D16      ; 143        ; 6        ; rdaddress[1]                    ; input  ; None         ;         ; Row I/O    ; Y               ; no       ; Off          ;
; E1       ; 24         ; 1        ; GND+                            ;        ;              ;         ; Row I/O    ;                 ; --       ; --           ;
; E2       ;            ;          ; GND                             ; gnd    ;              ;         ; --         ;                 ; --       ; --           ;
; E3       ;            ; 1        ; VCCIO1                          ; power  ;              ;         ; --         ;                 ; --       ; --           ;
; E4       ;            ;          ; GND                             ; gnd    ;              ;         ; --         ;                 ; --       ; --           ;
; E5       ;            ;          ; GNDA3                           ; gnd    ;              ;         ; --         ;                 ; --       ; --           ;
; E6       ; 191        ; 8        ; RESERVED_INPUT_WITH_WEAK_PULLUP ;        ;              ;         ; Column I/O ;                 ; no       ; On           ;
; E7       ; 190        ; 8        ; RESERVED_INPUT_WITH_WEAK_PULLUP ;        ;              ;         ; Column I/O ;                 ; no       ; On           ;
; E8       ; 181        ; 8        ; RESERVED_INPUT_WITH_WEAK_PULLUP ;        ;              ;         ; Column I/O ;                 ; no       ; On           ;
; E9       ; 174        ; 7        ; RESERVED_INPUT_WITH_WEAK_PULLUP ;        ;              ;         ; Column I/O ;                 ; no       ; On           ;
; E10      ; 158        ; 7        ; dataa[3]                        ; input  ; None         ;         ; Column I/O ; Y               ; no       ; Off          ;
; E11      ; 157        ; 7        ; dataa[2]                        ; input  ; None         ;         ; Column I/O ; Y               ; no       ; Off          ;
; E12      ;            ;          ; GNDA2                           ; gnd    ;              ;         ; --         ;                 ; --       ; --           ;
; E13      ;            ;          ; GND                             ; gnd    ;              ;         ; --         ;                 ; --       ; --           ;
; E14      ;            ; 6        ; VCCIO6                          ; power  ;              ;         ; --         ;                 ; --       ; --           ;
; E15      ; 128        ; 6        ; clk1                            ; input  ; None         ;         ; Row I/O    ; Y               ; no       ; Off          ;
; E16      ; 127        ; 6        ; wraddress[0]                    ; input  ; None         ;         ; Row I/O    ; Y               ; no       ; Off          ;
; F1       ; 12         ; 1        ; RESERVED_INPUT_WITH_WEAK_PULLUP ;        ;              ;         ; Row I/O    ;                 ; no       ; On           ;
; F2       ; 11         ; 1        ; RESERVED_INPUT_WITH_WEAK_PULLUP ;        ;              ;         ; Row I/O    ;                 ; no       ; On           ;
; F3       ; 6          ; 1        ; RESERVED_INPUT_WITH_WEAK_PULLUP ;        ;              ;         ; Row I/O    ;                 ; no       ; On           ;
; F4       ; 9          ; 1        ; ^nSTATUS                        ;        ;              ;         ; --         ;                 ; --       ; --           ;
; F5       ;            ; 1        ; VCCA3                           ; power  ;              ;         ; --         ;                 ; --       ; --           ;
; F6       ;            ;          ; GND                             ; gnd    ;              ;         ; --         ;                 ; --       ; --           ;
; F7       ;            ;          ; VCCINT                          ; power  ;              ;         ; --         ;                 ; --       ; --           ;
; F8       ; 182        ; 8        ; RESERVED_INPUT_WITH_WEAK_PULLUP ;        ;              ;         ; Column I/O ;                 ; no       ; On           ;
; F9       ; 165        ; 7        ; datab[7]                        ; input  ; None         ;         ; Column I/O ; Y               ; no       ; Off          ;
; F10      ;            ;          ; GND                             ; gnd    ;              ;         ; --         ;                 ; --       ; --           ;
; F11      ;            ;          ; VCCINT                          ; power  ;              ;         ; --         ;                 ; --       ; --           ;
; F12      ;            ; --       ; VCCA2                           ; power  ;              ;         ; --         ;                 ; --       ; --           ;
; F13      ; 138        ; 6        ; wraddress[3]                    ; input  ; None         ;         ; Row I/O    ; Y               ; no       ; Off          ;
; F14      ; 142        ; 6        ; RESERVED_INPUT_WITH_WEAK_PULLUP ;        ;              ;         ; Row I/O    ;                 ; no       ; On           ;
; F15      ; 140        ; 6        ; wraddress[4]                    ; input  ; None         ;         ; Row I/O    ; Y               ; no       ; Off          ;
; F16      ; 139        ; 6        ; RESERVED_INPUT_WITH_WEAK_PULLUP ;        ;              ;         ; Row I/O    ;                 ; no       ; On           ;
; G1       ; 14         ; 1        ; RESERVED_INPUT_WITH_WEAK_PULLUP ;        ;              ;         ; Row I/O    ;                 ; no       ; On           ;
; G2       ; 13         ; 1        ; RESERVED_INPUT_WITH_WEAK_PULLUP ;        ;              ;         ; Row I/O    ;                 ; no       ; On           ;
; G3       ;            ; 1        ; VCCIO1                          ; power  ;              ;         ; --         ;                 ; --       ; --           ;
; G4       ;            ;          ; GND                             ; gnd    ;              ;         ; --         ;                 ; --       ; --           ;
; G5       ; 10         ; 1        ; RESERVED_INPUT_WITH_WEAK_PULLUP ;        ;              ;         ; Row I/O    ;                 ; no       ; On           ;
; G6       ;            ;          ; VCCINT                          ; power  ;              ;         ; --         ;                 ; --       ; --           ;
; G7       ;            ;          ; VCCINT                          ; power  ;              ;         ; --         ;                 ; --       ; --           ;
; G8       ;            ;          ; VCCINT                          ; power  ;              ;         ; --         ;                 ; --       ; --           ;
; G9       ;            ;          ; VCCINT                          ; power  ;              ;         ; --         ;                 ; --       ; --           ;
; G10      ;            ;          ; VCCINT                          ; power  ;              ;         ; --         ;                 ; --       ; --           ;
; G11      ;            ;          ; GND                             ; gnd    ;              ;         ; --         ;                 ; --       ; --           ;
; G12      ; 132        ; 6        ; ^MSEL2                          ;        ;              ;         ; --         ;                 ; --       ; --           ;
; G12      ; 133        ; 6        ; ^MSEL3                          ;        ;              ;         ; --         ;                 ; --       ; --           ;
; G13      ;            ;          ; GND                             ; gnd    ;              ;         ; --         ;                 ; --       ; --           ;
; G14      ;            ; 6        ; VCCIO6                          ; power  ;              ;         ; --         ;                 ; --       ; --           ;
; G15      ; 137        ; 6        ; wraddress[2]                    ; input  ; None         ;         ; Row I/O    ; Y               ; no       ; Off          ;
; G16      ; 136        ; 6        ; wraddress[1]                    ; input  ; None         ;         ; Row I/O    ; Y               ; no       ; Off          ;
; H1       ; 15         ; 1        ; RESERVED_INPUT_WITH_WEAK_PULLUP ;        ;              ;         ; Row I/O    ;                 ; --       ; On           ;
; H2       ; 16         ; 1        ; RESERVED_INPUT_WITH_WEAK_PULLUP ;        ;              ;         ; Row I/O    ;                 ; no       ; On           ;
; H3       ; 19         ; 1        ; #TCK                            ; input  ;              ;         ; --         ;                 ; --       ; --           ;
; H4       ; 18         ; 1        ; #TDI                            ; input  ;              ;         ; --         ;                 ; --       ; --           ;
; H5       ; 17         ; 1        ; ^nCONFIG                        ;        ;              ;         ; --         ;                 ; --       ; --           ;
; H6       ;            ;          ; VCCINT                          ; power  ;              ;         ; --         ;                 ; --       ; --           ;
; H7       ;            ;          ; GND                             ; gnd    ;              ;         ; --         ;                 ; --       ; --           ;
; H8       ;            ;          ; GND                             ; gnd    ;              ;         ; --         ;                 ; --       ; --           ;
; H9       ;            ;          ; GND                             ; gnd    ;              ;         ; --         ;                 ; --       ; --           ;
; H10      ;            ;          ; GND                             ; gnd    ;              ;         ; --         ;                 ; --       ; --           ;
; H11      ;            ;          ; VCCINT                          ; power  ;              ;         ; --         ;                 ; --       ; --           ;
; H12      ; 131        ; 6        ; ^MSEL1                          ;        ;              ;         ; --         ;                 ; --       ; --           ;
; H13      ; 130        ; 6        ; ^MSEL0                          ;        ;              ;         ; --         ;                 ; --       ; --           ;
; H14      ; 129        ; 6        ; ^CONF_DONE                      ;        ;              ;         ; --         ;                 ; --       ; --           ;
; H15      ;            ;          ; GND                             ; gnd    ;              ;         ; --         ;                 ; --       ; --           ;
; H16      ;            ;          ; GND                             ; gnd    ;              ;         ; --         ;                 ; --       ; --           ;
; J1       ; 28         ; 2        ; RESERVED_INPUT_WITH_WEAK_PULLUP ;        ;              ;         ; Row I/O    ;                 ; no       ; On           ;
; J2       ; 27         ; 2        ; RESERVED_INPUT_WITH_WEAK_PULLUP ;        ;              ;         ; Row I/O    ;                 ; no       ; On           ;
; J3       ; 22         ; 1        ; ^nCE                            ;        ;              ;         ; --         ;                 ; --       ; --           ;
; J4       ; 21         ; 1        ; #TDO                            ; output ;              ;         ; --         ;                 ; --       ; --           ;
; J5       ; 20         ; 1        ; #TMS                            ; input  ;              ;         ; --         ;                 ; --       ; --           ;
; J6       ;            ;          ; VCCINT                          ; power  ;              ;         ; --         ;                 ; --       ; --           ;
; J7       ;            ;          ; GND                             ; gnd    ;              ;         ; --         ;                 ; --       ; --           ;
; J8       ;            ;          ; GND                             ; gnd    ;              ;         ; --         ;                 ; --       ; --           ;
; J9       ;            ;          ; GND                             ; gnd    ;              ;         ; --         ;                 ; --       ; --           ;
; J10      ;            ;          ; GND                             ; gnd    ;              ;         ; --         ;                 ; --       ; --           ;
; J11      ;            ;          ; GND                             ; gnd    ;              ;         ; --         ;                 ; --       ; --           ;
; J12      ;            ;          ; VCCINT                          ; power  ;              ;         ; --         ;                 ; --       ; --           ;
; J13      ; 124        ; 5        ; RESERVED_INPUT_WITH_WEAK_PULLUP ;        ;              ;         ; Row I/O    ;                 ; no       ; On           ;
; J14      ; 122        ; 5        ; RESERVED_INPUT_WITH_WEAK_PULLUP ;        ;              ;         ; Row I/O    ;                 ; no       ; On           ;
; J15      ; 121        ; 5        ; RESERVED_INPUT_WITH_WEAK_PULLUP ;        ;              ;         ; Row I/O    ;                 ; no       ; On           ;
; J16      ; 120        ; 5        ; RESERVED_INPUT_WITH_WEAK_PULLUP ;        ;              ;         ; Row I/O    ;                 ; no       ; On           ;
; K1       ; 33         ; 2        ; RESERVED_INPUT_WITH_WEAK_PULLUP ;        ;              ;         ; Row I/O    ;                 ; no       ; On           ;
; K2       ; 32         ; 2        ; RESERVED_INPUT_WITH_WEAK_PULLUP ;        ;              ;         ; Row I/O    ;                 ; no       ; On           ;
; K3       ;            ; 2        ; VCCIO2                          ; power  ;              ;         ; --         ;                 ; --       ; --           ;
; K4       ;            ;          ; GND                             ; gnd    ;              ;         ; --         ;                 ; --       ; --           ;
; K5       ; 39         ; 2        ; RESERVED_INPUT_WITH_WEAK_PULLUP ;        ;              ;         ; Row I/O    ;                 ; no       ; On           ;
; K6       ;            ;          ; GND                             ; gnd    ;              ;         ; --         ;                 ; --       ; --           ;
; K7       ;            ;          ; VCCINT                          ; power  ;              ;         ; --         ;                 ; --       ; --           ;
; K8       ;            ;          ; GND                             ; gnd    ;              ;         ; --         ;                 ; --       ; --           ;
; K9       ;            ;          ; VCCINT                          ; power  ;              ;         ; --         ;                 ; --       ; --           ;
; K10      ;            ;          ; VCCINT                          ; power  ;              ;         ; --         ;                 ; --       ; --           ;
; K11      ;            ;          ; VCCINT                          ; power  ;              ;         ; --         ;                 ; --       ; --           ;
; K12      ;            ;          ; GND                             ; gnd    ;              ;         ; --         ;                 ; --       ; --           ;
; K13      ;            ;          ; GND                             ; gnd    ;              ;         ; --         ;                 ; --       ; --           ;
; K14      ;            ; 5        ; VCCIO5                          ; power  ;              ;         ; --         ;                 ; --       ; --           ;
; K15      ; 119        ; 5        ; wren                            ; input  ; None         ;         ; Row I/O    ; Y               ; no       ; Off          ;
; K16      ; 118        ; 5        ; q[15]                           ; output ; None         ;         ; Row I/O    ; Y               ; no       ; Off          ;
; L1       ; 35         ; 2        ; RESERVED_INPUT_WITH_WEAK_PULLUP ;        ;              ;         ; Row I/O    ;                 ; no       ; On           ;
; L2       ; 34         ; 2        ; RESERVED_INPUT_WITH_WEAK_PULLUP ;        ;              ;         ; Row I/O    ;                 ; no       ; On           ;
; L3       ; 36         ; 2        ; RESERVED_INPUT_WITH_WEAK_PULLUP ;        ;              ;         ; Row I/O    ;                 ; no       ; On           ;
; L4       ; 40         ; 2        ; RESERVED_INPUT_WITH_WEAK_PULLUP ;        ;              ;         ; Row I/O    ;                 ; no       ; On           ;
; L5       ;            ; --       ; VCCA1                           ; power  ;              ;         ; --         ;                 ; --       ; --           ;
; L6       ;            ;          ; VCCINT                          ; power  ;              ;         ; --         ;                 ; --       ; --           ;
; L7       ; 65         ; 3        ; RESERVED_INPUT_WITH_WEAK_PULLUP ;        ;              ;         ; Column I/O ;                 ; no       ; On           ;
; L8       ; 68         ; 3        ; RESERVED_INPUT_WITH_WEAK_PULLUP ;        ;              ;         ; Column I/O ;                 ; no       ; On           ;
; L9       ;            ;          ; GND                             ; gnd    ;              ;         ; --         ;                 ; --       ; --           ;
; L10      ;            ;          ; GND                             ; gnd    ;              ;         ; --         ;                 ; --       ; --           ;
; L11      ;            ;          ; GND                             ; gnd    ;              ;         ; --         ;                 ; --       ; --           ;
; L12      ;            ; 5        ; VCCA4                           ; power  ;              ;         ; --         ;                 ; --       ; --           ;
; L13      ; 114        ; 5        ; q[11]                           ; output ; None         ;         ; Row I/O    ; Y               ; no       ; Off          ;
; L14      ; 113        ; 5        ; RESERVED_INPUT_WITH_WEAK_PULLUP ;        ;              ;         ; Row I/O    ;                 ; no       ; On           ;
; L15      ; 116        ; 5        ; q[13]                           ; output ; None         ;         ; Row I/O    ; Y               ; no       ; Off          ;
; L16      ; 115        ; 5        ; q[12]                           ; output ; None         ;         ; Row I/O    ; Y               ; no       ; Off          ;
; M1       ; 26         ; 2        ; GND+                            ;        ;              ;         ; Row I/O    ;                 ; --       ; --           ;
; M2       ; 25         ; 2        ; GND+                            ;        ;              ;         ; Row I/O    ;                 ; --       ; --           ;
; M3       ;            ; 2        ; VCCIO2                          ; power  ;              ;         ; --         ;                 ; --       ; --           ;
; M4       ;            ;          ; GND                             ; gnd    ;              ;         ; --         ;                 ; --       ; --           ;
; M5       ;            ;          ; GNDA1                           ; gnd    ;              ;         ; --         ;                 ; --       ; --           ;
; M6       ; 57         ; 3        ; RESERVED_INPUT_WITH_WEAK_PULLUP ;        ;              ;         ; Column I/O ;                 ; no       ; On           ;
; M7       ; 59         ; 3        ; RESERVED_INPUT_WITH_WEAK_PULLUP ;        ;              ;         ; Column I/O ;                 ; no       ; On           ;
; M8       ; 69         ; 3        ; RESERVED_INPUT_WITH_WEAK_PULLUP ;        ;              ;         ; Column I/O ;                 ; no       ; On           ;
; M9       ;            ;          ; VCCINT                          ; power  ;              ;         ; --         ;                 ; --       ; --           ;
; M10      ; 93         ; 4        ; RESERVED_INPUT_WITH_WEAK_PULLUP ;        ;              ;         ; Column I/O ;                 ; no       ; On           ;
; M11      ;            ;          ; VCCINT                          ; power  ;              ;         ; --         ;                 ; --       ; --           ;
; M12      ;            ;          ; GNDA4                           ; gnd    ;              ;         ; --         ;                 ; --       ; --           ;
; M13      ;            ;          ; GND                             ; gnd    ;              ;         ; --         ;                 ; --       ; --           ;
; M14      ;            ; 5        ; VCCIO5                          ; power  ;              ;         ; --         ;                 ; --       ; --           ;
; M15      ; 126        ; 5        ; GND+                            ;        ;              ;         ; Row I/O    ;                 ; --       ; --           ;
; M16      ; 125        ; 5        ; GND+                            ;        ;              ;         ; Row I/O    ;                 ; --       ; --           ;
; N1       ; 38         ; 2        ; RESERVED_INPUT_WITH_WEAK_PULLUP ;        ;              ;         ; Row I/O    ;                 ; no       ; On           ;
; N2       ; 37         ; 2        ; RESERVED_INPUT_WITH_WEAK_PULLUP ;        ;              ;         ; Row I/O    ;                 ; no       ; On           ;
; N3       ; 45         ; 3        ; RESERVED_INPUT_WITH_WEAK_PULLUP ;        ;              ;         ; Column I/O ;                 ; no       ; On           ;
; N4       ;            ;          ; VCCD_PLL1                       ; power  ;              ;         ; --         ;                 ; --       ; --           ;
; N5       ; 55         ; 3        ; RESERVED_INPUT_WITH_WEAK_PULLUP ;        ;              ;         ; Column I/O ;                 ; no       ; On           ;
; N6       ; 56         ; 3        ; RESERVED_INPUT_WITH_WEAK_PULLUP ;        ;              ;         ; Column I/O ;                 ; no       ; On           ;
; N7       ;            ;          ; GND                             ; gnd    ;              ;         ; --         ;                 ; --       ; --           ;
; N8       ; 70         ; 3        ; RESERVED_INPUT_WITH_WEAK_PULLUP ;        ;              ;         ; Column I/O ;                 ; no       ; On           ;
; N9       ; 79         ; 4        ; RESERVED_INPUT_WITH_WEAK_PULLUP ;        ;              ;         ; Column I/O ;                 ; no       ; On           ;
; N10      ;            ;          ; GND                             ; gnd    ;              ;         ; --         ;                 ; --       ; --           ;
; N11      ; 94         ; 4        ; RESERVED_INPUT_WITH_WEAK_PULLUP ;        ;              ;         ; Column I/O ;                 ; no       ; On           ;
; N12      ; 101        ; 4        ; RESERVED_INPUT_WITH_WEAK_PULLUP ;        ;              ;         ; Column I/O ;                 ; no       ; On           ;
; N13      ;            ;          ; VCCD_PLL4                       ; power  ;              ;         ; --         ;                 ; --       ; --           ;
; N14      ; 106        ; 5        ; q[4]                            ; output ; None         ;         ; Row I/O    ; Y               ; no       ; Off          ;
; N15      ; 112        ; 5        ; q[10]                           ; output ; None         ;         ; Row I/O    ; Y               ; no       ; Off          ;
; N16      ; 111        ; 5        ; q[9]                            ; output ; None         ;         ; Row I/O    ; Y               ; no       ; Off          ;
; P1       ; 44         ; 2        ; RESERVED_INPUT_WITH_WEAK_PULLUP ;        ;              ;         ; Row I/O    ;                 ; no       ; On           ;
; P2       ; 43         ; 2        ; RESERVED_INPUT_WITH_WEAK_PULLUP ;        ;              ;         ; Row I/O    ;                 ; no       ; On           ;
; P3       ; 46         ; 3        ; RESERVED_INPUT_WITH_WEAK_PULLUP ;        ;              ;         ; Column I/O ;                 ; no       ; On           ;
; P4       ;            ; 3        ; VCCIO3                          ; power  ;              ;         ; --         ;                 ; --       ; --           ;
; P5       ;            ;          ; GND                             ; gnd    ;              ;         ; --         ;                 ; --       ; --           ;
; P6       ; 58         ; 3        ; RESERVED_INPUT_WITH_WEAK_PULLUP ;        ;              ;         ; Column I/O ;                 ; no       ; On           ;
; P7       ;            ; 3        ; VCCIO3                          ; power  ;              ;         ; --         ;                 ; --       ; --           ;
; P8       ; 71         ; 3        ; RESERVED_INPUT_WITH_WEAK_PULLUP ;        ;              ;         ; Column I/O ;                 ; no       ; On           ;
; P9       ; 89         ; 4        ; RESERVED_INPUT_WITH_WEAK_PULLUP ;        ;              ;         ; Column I/O ;                 ; no       ; On           ;
; P10      ;            ; 4        ; VCCIO4                          ; power  ;              ;         ; --         ;                 ; --       ; --           ;
; P11      ; 90         ; 4        ; RESERVED_INPUT_WITH_WEAK_PULLUP ;        ;              ;         ; Column I/O ;                 ; no       ; On           ;
; P12      ;            ;          ; GND                             ; gnd    ;              ;         ; --         ;                 ; --       ; --           ;
; P13      ;            ; 4        ; VCCIO4                          ; power  ;              ;         ; --         ;                 ; --       ; --           ;
; P14      ; 98         ; 4        ; RESERVED_INPUT_WITH_WEAK_PULLUP ;        ;              ;         ; Column I/O ;                 ; no       ; On           ;
; P15      ; 107        ; 5        ; q[5]                            ; output ; None         ;         ; Row I/O    ; Y               ; no       ; Off          ;
; P16      ; 108        ; 5        ; q[6]                            ; output ; None         ;         ; Row I/O    ; Y               ; no       ; Off          ;
; R1       ; 42         ; 2        ; RESERVED_INPUT_WITH_WEAK_PULLUP ;        ;              ;         ; Row I/O    ;                 ; no       ; On           ;
; R2       ;            ;          ; GND                             ; gnd    ;              ;         ; --         ;                 ; --       ; --           ;
; R3       ; 47         ; 3        ; RESERVED_INPUT_WITH_WEAK_PULLUP ;        ;              ;         ; Column I/O ;                 ; no       ; On           ;
; R4       ; 53         ; 3        ; RESERVED_INPUT_WITH_WEAK_PULLUP ;        ;              ;         ; Column I/O ;                 ; no       ; On           ;
; R5       ; 61         ; 3        ; RESERVED_INPUT_WITH_WEAK_PULLUP ;        ;              ;         ; Column I/O ;                 ; no       ; On           ;
; R6       ; 63         ; 3        ; RESERVED_INPUT_WITH_WEAK_PULLUP ;        ;              ;         ; Column I/O ;                 ; no       ; On           ;
; R7       ; 66         ; 3        ; RESERVED_INPUT_WITH_WEAK_PULLUP ;        ;              ;         ; Column I/O ;                 ; no       ; On           ;
; R8       ; 72         ; 3        ; GND+                            ;        ;              ;         ; Column I/O ;                 ; no       ; On           ;
; R9       ; 74         ; 4        ; GND+                            ;        ;              ;         ; Column I/O ;                 ; no       ; On           ;
; R10      ; 80         ; 4        ; RESERVED_INPUT_WITH_WEAK_PULLUP ;        ;              ;         ; Column I/O ;                 ; no       ; On           ;
; R11      ; 83         ; 4        ; RESERVED_INPUT_WITH_WEAK_PULLUP ;        ;              ;         ; Column I/O ;                 ; no       ; On           ;
; R12      ; 85         ; 4        ; RESERVED_INPUT_WITH_WEAK_PULLUP ;        ;              ;         ; Column I/O ;                 ; no       ; On           ;
; R13      ; 91         ; 4        ; RESERVED_INPUT_WITH_WEAK_PULLUP ;        ;              ;         ; Column I/O ;                 ; no       ; On           ;
; R14      ; 97         ; 4        ; RESERVED_INPUT_WITH_WEAK_PULLUP ;        ;              ;         ; Column I/O ;                 ; no       ; On           ;
; R15      ;            ;          ; GND                             ; gnd    ;              ;         ; --         ;                 ; --       ; --           ;
; R16      ; 109        ; 5        ; q[7]                            ; output ; None         ;         ; Row I/O    ; Y               ; no       ; Off          ;
; T1       ;            ; 3        ; VCCIO3                          ; power  ;              ;         ; --         ;                 ; --       ; --           ;
; T2       ; 52         ; 3        ; RESERVED_INPUT_WITH_WEAK_PULLUP ;        ;              ;         ; Column I/O ;                 ; no       ; On           ;
; T3       ; 48         ; 3        ; RESERVED_INPUT_WITH_WEAK_PULLUP ;        ;              ;         ; Column I/O ;                 ; no       ; On           ;
; T4       ; 54         ; 3        ; RESERVED_INPUT_WITH_WEAK_PULLUP ;        ;              ;         ; Column I/O ;                 ; no       ; On           ;
; T5       ; 62         ; 3        ; RESERVED_INPUT_WITH_WEAK_PULLUP ;        ;              ;         ; Column I/O ;                 ; no       ; On           ;
; T6       ; 64         ; 3        ; RESERVED_INPUT_WITH_WEAK_PULLUP ;        ;              ;         ; Column I/O ;                 ; no       ; On           ;
; T7       ; 67         ; 3        ; RESERVED_INPUT_WITH_WEAK_PULLUP ;        ;              ;         ; Column I/O ;                 ; no       ; On           ;
; T8       ; 73         ; 3        ; GND+                            ;        ;              ;         ; Column I/O ;                 ; no       ; On           ;
; T9       ; 75         ; 4        ; GND+                            ;        ;              ;         ; Column I/O ;                 ; no       ; On           ;
; T10      ; 81         ; 4        ; RESERVED_INPUT_WITH_WEAK_PULLUP ;        ;              ;         ; Column I/O ;                 ; no       ; On           ;
; T11      ; 84         ; 4        ; RESERVED_INPUT_WITH_WEAK_PULLUP ;        ;              ;         ; Column I/O ;                 ; no       ; On           ;
; T12      ; 86         ; 4        ; RESERVED_INPUT_WITH_WEAK_PULLUP ;        ;              ;         ; Column I/O ;                 ; no       ; On           ;
; T13      ; 92         ; 4        ; RESERVED_INPUT_WITH_WEAK_PULLUP ;        ;              ;         ; Column I/O ;                 ; no       ; On           ;
; T14      ; 95         ; 4        ; RESERVED_INPUT_WITH_WEAK_PULLUP ;        ;              ;         ; Column I/O ;                 ; no       ; On           ;
; T15      ; 96         ; 4        ; RESERVED_INPUT_WITH_WEAK_PULLUP ;        ;              ;         ; Column I/O ;                 ; no       ; On           ;
; T16      ;            ; 4        ; VCCIO4                          ; power  ;              ;         ; --         ;                 ; --       ; --           ;
+----------+------------+----------+---------------------------------+--------+--------------+---------+------------+-----------------+----------+--------------+
Note: Pin directions (input, output or bidir) are based on device operating in user mode.


+-------------------+
; Migration Devices ;
+-------------------+
; Migration Device  ;
+-------------------+
; EP4CE22F17C8      ;
+-------------------+


+-------------------------------------------------------------------------------+
; Output Pin Default Load For Reported TCO                                      ;
+----------------------------------+-------+------------------------------------+
; I/O Standard                     ; Load  ; Termination Resistance             ;
+----------------------------------+-------+------------------------------------+
; 3.0-V LVTTL                      ; 0 pF  ; Not Available                      ;
; 3.3-V LVTTL                      ; 0 pF  ; Not Available                      ;
; 3.0-V LVCMOS                     ; 0 pF  ; Not Available                      ;
; 3.3-V LVCMOS                     ; 0 pF  ; Not Available                      ;
; 3.0-V PCI                        ; 10 pF ; Not Available                      ;
; 3.0-V PCI-X                      ; 10 pF ; Not Available                      ;
; 2.5 V                            ; 0 pF  ; Not Available                      ;
; 1.8 V                            ; 0 pF  ; Not Available                      ;
; 1.5 V                            ; 0 pF  ; Not Available                      ;
; 1.2 V                            ; 0 pF  ; Not Available                      ;
; SSTL-2 Class I                   ; 0 pF  ; 50 Ohm (Parallel), 25 Ohm (Serial) ;
; Differential 2.5-V SSTL Class I  ; 0 pF  ; (See SSTL-2)                       ;
; SSTL-2 Class II                  ; 0 pF  ; 25 Ohm (Parallel), 25 Ohm (Serial) ;
; Differential 2.5-V SSTL Class II ; 0 pF  ; (See SSTL-2 Class II)              ;
; SSTL-18 Class I                  ; 0 pF  ; 50 Ohm (Parallel), 25 Ohm (Serial) ;
; Differential 1.8-V SSTL Class I  ; 0 pF  ; (See 1.8-V SSTL Class I)           ;
; SSTL-18 Class II                 ; 0 pF  ; 25 Ohm (Parallel), 25 Ohm (Serial) ;
; Differential 1.8-V SSTL Class II ; 0 pF  ; (See 1.8-V SSTL Class II)          ;
; 1.8-V HSTL Class I               ; 0 pF  ; 50 Ohm (Parallel)                  ;
; Differential 1.8-V HSTL Class I  ; 0 pF  ; (See 1.8-V HSTL Class I)           ;
; 1.8-V HSTL Class II              ; 0 pF  ; 25 Ohm (Parallel)                  ;
; Differential 1.8-V HSTL Class II ; 0 pF  ; (See 1.8-V HSTL Class II)          ;
; 1.5-V HSTL Class I               ; 0 pF  ; 50 Ohm (Parallel)                  ;
; Differential 1.5-V HSTL Class I  ; 0 pF  ; (See 1.5-V HSTL Class I)           ;
; 1.5-V HSTL Class II              ; 0 pF  ; 25 Ohm (Parallel)                  ;
; Differential 1.5-V HSTL Class II ; 0 pF  ; (See 1.5-V HSTL Class II)          ;
; 1.2-V HSTL Class I               ; 0 pF  ; Not Available                      ;
; Differential 1.2-V HSTL Class I  ; 0 pF  ; Not Available                      ;
; 1.2-V HSTL Class II              ; 0 pF  ; Not Available                      ;
; Differential 1.2-V HSTL Class II ; 0 pF  ; Not Available                      ;
; Differential LVPECL              ; 0 pF  ; 100 Ohm (Differential)             ;
; LVDS                             ; 0 pF  ; 100 Ohm (Differential)             ;
; LVDS_E_3R                        ; 0 pF  ; Not Available                      ;
; RSDS                             ; 0 pF  ; 100 Ohm (Differential)             ;
; RSDS_E_1R                        ; 0 pF  ; Not Available                      ;
; RSDS_E_3R                        ; 0 pF  ; Not Available                      ;
; mini-LVDS                        ; 0 pF  ; 100 Ohm (Differential)             ;
; mini-LVDS_E_3R                   ; 0 pF  ; Not Available                      ;
; PPDS                             ; 0 pF  ; Not Available                      ;
; PPDS_E_3R                        ; 0 pF  ; Not Available                      ;
; Bus LVDS                         ; 0 pF  ; Not Available                      ;
+----------------------------------+-------+------------------------------------+
Note: User assignments will override these defaults. The user specified values are listed in the Output Pins and Bidir Pins tables.


+----------------------------------------------------------------------------------------------------------------------------------------+
; I/O Rules Details                                                                                                                      ;
+--------+------+------------+----------------------------------------------+----------+-------------+--------+------+-------------------+
; Status ; ID   ; Category   ; Rule Description                             ; Severity ; Information ; Device ; Area ; Extra Information ;
+--------+------+------------+----------------------------------------------+----------+-------------+--------+------+-------------------+
; ----   ; ---- ; Disclaimer ; Errors were found before rules were checked. ; None     ; ----        ; ALL    ;      ;                   ;
+--------+------+------------+----------------------------------------------+----------+-------------+--------+------+-------------------+


+----------------------------------+
; I/O Assignment Analysis Messages ;
+----------------------------------+
Info: *******************************************************************
Info: Running Quartus II 64-Bit Fitter
    Info: Version 11.0 Build 157 04/27/2011 SJ Full Version
    Info: Processing started: Mon May 09 09:17:53 2011
Info: Command: quartus_fit --read_settings_files=on --write_settings_files=off pipemult -c pipemult_migration --check_ios
Info: Parallel compilation is enabled and will use 2 of the 2 processors detected
Info: Selected device EP4CE6F17C6 for design "pipemult_migration"
Info: Selected Migration Device List
    Info: Selected EP4CE22F17C8 for migration
Info: Selected migration device list is legal with 245 total of migratable pins
Info: Low junction temperature is 0 degrees C
Info: High junction temperature is 85 degrees C
Info: Selected device migration path implemented 14 pin(s) as tristated input(s)
    Info: Pin "D4"
    Info: Pin "F5"
    Info: Pin "J6"
    Info: Pin "L6"
    Info: Pin "K9"
    Info: Pin "M9"
    Info: Pin "K10"
    Info: Pin "M11"
    Info: Pin "N13"
    Info: Pin "L12"
    Info: Pin "K11"
    Info: Pin "J12"
    Info: Pin "F11"
    Info: Pin "F7"
Info: Selected device migration path implemented 12 pin(s) as GND
    Info: Pin "E5"
    Info: Pin "K6"
    Info: Pin "K8"
    Info: Pin "L9"
    Info: Pin "L10"
    Info: Pin "L11"
    Info: Pin "M12"
    Info: Pin "K12"
    Info: Pin "J11"
    Info: Pin "G11"
    Info: Pin "F10"
    Info: Pin "F6"
Error: Can't place node "q[0]" -- illegal location assignment PIN_N13 File: C:/altera_trn/Quartus_II_Software_Design_Series_Foundation/QIIF11_0/Ex1/Verilog/pipemult.v Line: 59
Error: Can't place node "q[1]" -- illegal location assignment PIN_M12 File: C:/altera_trn/Quartus_II_Software_Design_Series_Foundation/QIIF11_0/Ex1/Verilog/pipemult.v Line: 59
Error: Can't place node "q[2]" -- illegal location assignment PIN_L12 File: C:/altera_trn/Quartus_II_Software_Design_Series_Foundation/QIIF11_0/Ex1/Verilog/pipemult.v Line: 59
Error: Can't place node "q[3]" -- illegal location assignment PIN_K12 File: C:/altera_trn/Quartus_II_Software_Design_Series_Foundation/QIIF11_0/Ex1/Verilog/pipemult.v Line: 59
Error: Can't place node "q[8]" -- illegal location assignment PIN_K11 File: C:/altera_trn/Quartus_II_Software_Design_Series_Foundation/QIIF11_0/Ex1/Verilog/pipemult.v Line: 59
Error: Can't place node "q[14]" -- illegal location assignment PIN_J11 File: C:/altera_trn/Quartus_II_Software_Design_Series_Foundation/QIIF11_0/Ex1/Verilog/pipemult.v Line: 59
Error: Can't place node "rdaddress[3]" -- illegal location assignment PIN_G11 File: C:/altera_trn/Quartus_II_Software_Design_Series_Foundation/QIIF11_0/Ex1/Verilog/pipemult.v Line: 34
Error: Can't place node "dataa[7]" -- illegal location assignment PIN_F10 File: C:/altera_trn/Quartus_II_Software_Design_Series_Foundation/QIIF11_0/Ex1/Verilog/pipemult.v Line: 32
Info: Fitter preparation operations ending: elapsed time is 00:00:00
Warning: Found invalid Fitter assignments. See the Ignored Assignments panel in the Fitter Compilation Report for more information.
Error: Can't fit design in device
Error: Quartus II 64-Bit I/O Assignment Analysis was unsuccessful. 9 errors, 1 warning
    Error: Peak virtual memory: 373 megabytes
    Error: Processing ended: Mon May 09 09:17:55 2011
    Error: Elapsed time: 00:00:02
    Error: Total CPU time (on all processors): 00:00:02


